PRT1
465
1291
4 0 27 (1862 984 1023 ) (1862 984 140 ) (2048 984 140 ) (2048 984 1023 ) 
4 0 26 (2048 984 1024 ) (1862 984 1024 ) (1862 984 1023 ) (2048 984 1023 ) 
4 0 7 (2048 984 140 ) (1862 984 140 ) (1862 1560 140 ) (2048 1560 140 ) 
4 0 4 (1862 1560 140 ) (1862 2027 140 ) (2048 2027 140 ) (2048 1560 140 ) 
4 0 2 (1862 984 1023 ) (1862 984 1024 ) (1862 2027 1024 ) (1862 2027 1023 ) 
4 1 15 (1056 2048 140 ) (1056 2027 140 ) (1056 2027 176 ) (1056 2048 176 ) 
4 1 11 (1056 2027 176 ) (1056 2027 1023 ) (1056 2048 1023 ) (1056 2048 176 ) 
4 1 10 (1056 2027 1023 ) (1056 2027 1024 ) (1056 2048 1024 ) (1056 2048 1023 ) 
4 1 5 (1056 2027 140 ) (1056 2048 140 ) (1862 2048 140 ) (1862 2027 140 ) 
4 1 2 (1862 2027 1023 ) (1862 2027 1024 ) (1056 2027 1024 ) (1056 2027 1023 ) 
4 2 26 (1056 984 1024 ) (1056 984 1023 ) (1862 984 1023 ) (1862 984 1024 ) 
4 2 13 (1056 984 1023 ) (1056 984 1024 ) (1056 1104 1024 ) (1056 1104 1023 ) 
4 2 10 (1056 1104 1024 ) (1056 2027 1024 ) (1056 2027 1023 ) (1056 1104 1023 ) 
4 3 28 (1056 984 1023 ) (1056 984 140 ) (1862 984 140 ) (1862 984 1023 ) 
4 3 19 (1056 984 152 ) (1056 984 176 ) (1056 1272 176 ) (1056 1272 152 ) 
4 3 17 (1056 1272 152 ) (1056 1272 176 ) (1056 1556 176 ) (1056 1556 152 ) 
4 3 16 (1056 2027 140 ) (1056 1556 140 ) (1056 1556 176 ) (1056 2027 176 ) 
4 3 14 (1056 984 176 ) (1056 984 1023 ) (1056 1104 1023 ) (1056 1104 176 ) 
4 3 12 (1056 1104 1023 ) (1056 2027 1023 ) (1056 2027 176 ) (1056 1104 176 ) 
4 3 8 (1862 984 140 ) (1424 984 140 ) (1424 1560 140 ) (1862 1560 140 ) 
4 3 6 (1056 1560 140 ) (1056 2027 140 ) (1862 2027 140 ) (1862 1560 140 ) 
4 4 7 (2048 1560 140 ) (1862 1560 140 ) (1862 1560 -255 ) (2048 1560 -255 ) 
4 5 15 (1056 2027 140 ) (1056 2048 140 ) (1056 2048 -255 ) (1056 2027 -255 ) 
4 6 16 (1056 1560 -255 ) (1056 1560 140 ) (1056 2027 140 ) (1056 2027 -255 ) 
4 6 9 (1056 1560 128 ) (1056 1560 -255 ) (1424 1560 -255 ) (1424 1560 128 ) 
4 6 8 (1862 1560 140 ) (1424 1560 140 ) (1424 1560 -255 ) (1862 1560 -255 ) 
4 7 29 (2048 984 -255 ) (2048 984 140 ) (1862 984 140 ) (1862 984 -255 ) 
4 8 30 (1862 984 140 ) (1424 984 140 ) (1424 984 -255 ) (1862 984 -255 ) 
4 8 9 (1424 1560 128 ) (1424 1560 -255 ) (1424 984 -255 ) (1424 984 128 ) 
4 9 31 (1056 984 128 ) (1056 984 -255 ) (1424 984 -255 ) (1424 984 128 ) 
4 9 20 (1056 984 -255 ) (1056 984 128 ) (1056 1272 128 ) (1056 1272 -255 ) 
4 9 18 (1056 1272 128 ) (1056 1556 128 ) (1056 1556 -255 ) (1056 1272 -255 ) 
4 9 16 (1056 1556 128 ) (1056 1560 128 ) (1056 1560 -255 ) (1056 1556 -255 ) 
4 10 181 (48 1104 1023 ) (48 1104 1024 ) (48 2027 1024 ) (48 2027 1023 ) 
4 10 180 (48 2027 1024 ) (48 2048 1024 ) (48 2048 1023 ) (48 2027 1023 ) 
4 10 13 (48 1104 1024 ) (48 1104 1023 ) (1056 1104 1023 ) (1056 1104 1024 ) 
4 10 11 (1056 2048 1023 ) (1056 2027 1023 ) (48 2027 1023 ) (48 2048 1023 ) 
4 11 183 (48 2048 176 ) (48 2027 176 ) (48 2027 376 ) (48 2048 376 ) 
4 11 180 (48 2027 376 ) (48 2027 1023 ) (48 2048 1023 ) (48 2048 376 ) 
4 11 15 (1056 2048 176 ) (1056 2027 176 ) (48 2027 176 ) (48 2048 176 ) 
4 12 187 (48 1272 176 ) (48 1104 176 ) (48 1104 376 ) (48 1272 376 ) 
4 12 185 (48 1556 176 ) (48 1272 176 ) (48 1272 376 ) (48 1556 376 ) 
4 12 184 (48 2027 176 ) (48 1556 176 ) (48 1556 376 ) (48 2027 376 ) 
4 12 182 (48 1104 376 ) (48 1104 1023 ) (48 2027 1023 ) (48 2027 376 ) 
4 12 22 (864 1104 176 ) (192 1104 176 ) (192 1272 176 ) (864 1272 176 ) 
4 12 19 (1056 1272 176 ) (1056 1104 176 ) (864 1104 176 ) (864 1272 176 ) 
4 12 17 (1056 1556 176 ) (1056 1272 176 ) (48 1272 176 ) (48 1556 176 ) 
4 12 16 (1056 2027 176 ) (1056 1556 176 ) (48 1556 176 ) (48 2027 176 ) 
5 12 14 (48 1104 1023 ) (48 1104 178.406024 ) (208 1104 176 ) (1056 1104 176 ) (1056 1104 1023 ) 
4 13 197 (48 984 1023 ) (48 984 1024 ) (48 1032 1024 ) (48 1032 1023 ) 
4 13 181 (48 1032 1024 ) (48 1104 1024 ) (48 1104 1023 ) (48 1032 1023 ) 
4 13 32 (1056 984 1023 ) (1056 984 1024 ) (48 984 1024 ) (48 984 1023 ) 
4 14 207 (48 984 178.406024 ) (48 984 224 ) (48 1032 224 ) (48 1032 178.406024 ) 
4 14 205 (48 984 224 ) (48 984 304 ) (48 1032 304 ) (48 1032 224 ) 
4 14 204 (48 984 304 ) (48 984 376 ) (48 1032 376 ) (48 1032 304 ) 
4 14 199 (48 984 376 ) (48 984 392 ) (48 1032 392 ) (48 1032 376 ) 
4 14 198 (48 984 392 ) (48 984 1023 ) (48 1032 1023 ) (48 1032 392 ) 
4 14 188 (48 1104 376 ) (48 1104 178.406024 ) (48 1032 178.406024 ) (48 1032 376 ) 
4 14 182 (48 1032 1023 ) (48 1104 1023 ) (48 1104 376 ) (48 1032 376 ) 
4 14 45 (48 984 304 ) (48 984 224 ) (80 984 224 ) (80 984 304 ) 
5 14 43 (576 984 376 ) (204 984 376 ) (204 984 176.060159 ) (208 984 176 ) (576 984 176 ) 
4 14 42 (864 984 376 ) (576 984 376 ) (576 984 176 ) (864 984 176 ) 
4 14 37 (1056 984 176 ) (1056 984 376 ) (864 984 376 ) (864 984 176 ) 
4 14 34 (704 984 1023 ) (48 984 1023 ) (48 984 392 ) (704 984 392 ) 
4 14 33 (1056 984 376 ) (1056 984 1023 ) (704 984 1023 ) (704 984 376 ) 
4 14 23 (864 984 176 ) (576 984 176 ) (576 1104 176 ) (864 1104 176 ) 
4 14 19 (1056 1104 176 ) (1056 984 176 ) (864 984 176 ) (864 1104 176 ) 
4 15 183 (48 2027 176 ) (48 2048 176 ) (48 2048 -255 ) (48 2027 -255 ) 
4 16 184 (48 1556 -255 ) (48 1556 176 ) (48 2027 176 ) (48 2027 -255 ) 
4 16 17 (1056 1556 176 ) (48 1556 176 ) (48 1556 152 ) (1056 1556 152 ) 
4 16 18 (48 1556 140 ) (48 1556 -255 ) (1056 1556 -255 ) (1056 1556 140 ) 
4 17 185 (48 1272 176 ) (48 1556 176 ) (48 1556 152 ) (48 1272 152 ) 
3 17 22 (864 1272 176 ) (192 1272 176 ) (864 1272 160 ) 
4 17 19 (1056 1272 152 ) (1056 1272 176 ) (864 1272 176 ) (864 1272 152 ) 
4 18 196 (48 1556 140 ) (48 1556 -255 ) (48 1272 -255 ) (48 1272 140 ) 
4 18 25 (192 1272 140 ) (48 1272 140 ) (48 1272 -255 ) (192 1272 -255 ) 
5 18 21 (696 1272 140 ) (192 1272 140 ) (192 1272 -255 ) (864 1272 -255 ) (864 1272 136 ) 
4 18 20 (1056 1272 -255 ) (1056 1272 140 ) (864 1272 140 ) (864 1272 -255 ) 
4 19 37 (1056 984 152 ) (1056 984 176 ) (864 984 176 ) (864 984 152 ) 
5 19 23 (864 1069.333257 152 ) (864 984 152 ) (864 984 176 ) (864 1104 176 ) (864 1104 153.368424 ) 
4 19 22 (864 1272 176 ) (864 1272 160 ) (864 1104 153.368424 ) (864 1104 176 ) 
4 20 179 (1056 984 -255 ) (1056 984 96 ) (864 984 96 ) (864 984 -255 ) 
4 20 38 (1056 984 96 ) (1056 984 140 ) (864 984 140 ) (864 984 96 ) 
4 20 21 (864 1272 136 ) (864 1272 -255 ) (864 984 -255 ) (864 984 124.631581 ) 
4 21 179 (192 984 96 ) (192 984 -255 ) (864 984 -255 ) (864 984 96 ) 
4 21 41 (192 984 140.631580 ) (192 984 96 ) (864 984 96 ) (864 984 124.631581 ) 
4 21 25 (192 1272 -255 ) (192 984 -255 ) (192 984 140.631580 ) (192 1272 152 ) 
3 22 24 (417.473800 1104 164 ) (576 1104 160.225567 ) (576 1104 164 ) 
4 22 23 (576 1104 160.225567 ) (864 1104 153.368424 ) (864 1104 176 ) (576 1104 176 ) 
4 23 42 (864 984 176 ) (576 984 176 ) (576 984 155.488724 ) (864 984 148.631582 ) 
4 23 24 (576 984 155.488724 ) (576 984 164 ) (576 1104 164 ) (576 1104 160.225567 ) 
3 24 44 (218.526418 984 164 ) (576 984 155.488724 ) (576 984 164 ) 
4 25 237 (48 984 -255 ) (48 984 117 ) (48 1032 117 ) (48 1032 -255 ) 
4 25 208 (48 984 117 ) (48 984 152 ) (48 1032 152 ) (48 1032 117 ) 
4 25 196 (48 1272 140 ) (48 1272 -255 ) (48 1032 -255 ) (48 1032 140 ) 
4 25 189 (48 1032 152 ) (48 1272 152 ) (48 1272 140 ) (48 1032 140 ) 
4 25 179 (48 984 96 ) (48 984 -255 ) (192 984 -255 ) (192 984 96 ) 
4 25 46 (48 984 152 ) (48 984 96 ) (192 984 96 ) (192 984 152 ) 
4 26 281 (1056 -4 1024 ) (1056 -4 1023 ) (2048 -4 1023 ) (2048 -4 1024 ) 
4 26 32 (1056 984 1024 ) (1056 984 1023 ) (1056 -4 1023 ) (1056 -4 1024 ) 
4 26 27 (2048 -4 1023 ) (1862 -4 1023 ) (1862 984 1023 ) (2048 984 1023 ) 
4 27 282 (1862 -4 140 ) (2048 -4 140 ) (2048 -4 1023 ) (1862 -4 1023 ) 
4 27 29 (2048 -4 140 ) (1862 -4 140 ) (1862 984 140 ) (2048 984 140 ) 
4 28 283 (1056 -4 1023 ) (1056 -4 140 ) (1862 -4 140 ) (1862 -4 1023 ) 
4 28 169 (1056 -4 147 ) (1056 -4 376 ) (1056 64 376 ) (1056 64 147 ) 
4 28 39 (1056 64 147 ) (1056 64 152 ) (1056 68 152 ) (1056 68 147 ) 
4 28 37 (1056 984 376 ) (1056 984 152 ) (1056 64 152 ) (1056 64 376 ) 
4 28 33 (1056 984 1023 ) (1056 984 376 ) (1056 -4 376 ) (1056 -4 1023 ) 
4 28 30 (1862 -4 140 ) (1424 -4 140 ) (1424 984 140 ) (1862 984 140 ) 
4 29 284 (2048 -4 -255 ) (2048 -4 140 ) (1862 -4 140 ) (1862 -4 -255 ) 
4 30 285 (1862 -4 140 ) (1424 -4 140 ) (1424 -4 -255 ) (1862 -4 -255 ) 
4 30 31 (1424 -4 -255 ) (1424 -4 128 ) (1424 984 128 ) (1424 984 -255 ) 
4 31 286 (1056 -4 128 ) (1056 -4 -255 ) (1424 -4 -255 ) (1424 -4 128 ) 
4 31 179 (1056 984 96 ) (1056 984 -255 ) (1056 -4 -255 ) (1056 -4 96 ) 
4 31 170 (1056 64 96 ) (1056 -4 96 ) (1056 -4 128 ) (1056 64 128 ) 
4 31 40 (1056 72 96 ) (1056 64 96 ) (1056 64 128 ) (1056 72 128 ) 
4 31 38 (1056 984 128 ) (1056 984 96 ) (1056 72 96 ) (1056 72 128 ) 
4 32 288 (1056 -4 1023 ) (1056 -4 1024 ) (48 -4 1024 ) (48 -4 1023 ) 
4 32 201 (48 -4 1023 ) (48 -4 1024 ) (48 728 1024 ) (48 728 1023 ) 
4 32 197 (48 728 1024 ) (48 984 1024 ) (48 984 1023 ) (48 728 1023 ) 
4 33 289 (1056 -4 376 ) (1056 -4 1023 ) (704 -4 1023 ) (704 -4 376 ) 
4 33 169 (1056 64 376 ) (1056 -4 376 ) (704 -4 376 ) (704 64 376 ) 
4 33 161 (724 64 376 ) (704 64 376 ) (704 80 376 ) (724 80 376 ) 
4 33 52 (704 80 376 ) (704 976 376 ) (724 976 376 ) (724 80 376 ) 
4 33 47 (864 64 376 ) (724 64 376 ) (724 976 376 ) (864 976 376 ) 
4 33 42 (704 976 376 ) (704 984 376 ) (864 984 376 ) (864 976 376 ) 
4 33 37 (1056 984 376 ) (1056 64 376 ) (864 64 376 ) (864 984 376 ) 
4 33 35 (704 432 376 ) (704 -4 376 ) (704 -4 392 ) (704 432 392 ) 
4 33 34 (704 -4 392 ) (704 -4 1023 ) (704 984 1023 ) (704 984 392 ) 
4 34 290 (192 -4 1023 ) (48 -4 1023 ) (48 -4 392 ) (192 -4 392 ) 
4 34 289 (704 -4 1023 ) (192 -4 1023 ) (192 -4 392 ) (704 -4 392 ) 
4 34 202 (48 -4 392 ) (48 -4 1023 ) (48 728 1023 ) (48 728 392 ) 
4 34 198 (48 728 1023 ) (48 984 1023 ) (48 984 392 ) (48 728 392 ) 
4 34 36 (604 -4 392 ) (192 -4 392 ) (192 64 392 ) (604 64 392 ) 
4 34 35 (704 -4 392 ) (604 -4 392 ) (604 432 392 ) (704 432 392 ) 
4 35 289 (604 -4 376 ) (704 -4 376 ) (704 -4 392 ) (604 -4 392 ) 
4 35 169 (704 -4 376 ) (604 -4 376 ) (604 64 376 ) (704 64 376 ) 
4 35 161 (604 64 376 ) (604 80 376 ) (704 80 376 ) (704 64 376 ) 
4 35 52 (604 80 376 ) (604 432 376 ) (704 432 376 ) (704 80 376 ) 
4 35 36 (604 64 376 ) (604 -4 376 ) (604 -4 392 ) (604 64 392 ) 
4 36 289 (192 -4 376 ) (604 -4 376 ) (604 -4 392 ) (192 -4 392 ) 
4 36 169 (604 -4 376 ) (196 -4 376 ) (196 64 376 ) (604 64 376 ) 
4 37 169 (1056 64 152 ) (1056 64 376 ) (864 64 376 ) (864 64 152 ) 
4 37 47 (864 64 152 ) (864 64 376 ) (864 976 376 ) (864 976 152 ) 
4 37 42 (864 976 376 ) (864 984 376 ) (864 984 152 ) (864 976 152 ) 
4 37 39 (1056 68 152 ) (1056 64 152 ) (864 64 152 ) (864 68 152 ) 
4 38 179 (864 984 96 ) (1056 984 96 ) (1056 72 96 ) (864 72 96 ) 
4 38 49 (864 968 96 ) (864 72 96 ) (864 72 140 ) (864 968 140 ) 
4 38 48 (864 976 96 ) (864 968 96 ) (864 968 124 ) (864 976 124.315791 ) 
4 38 41 (864 984 96 ) (864 976 96 ) (864 976 124.315791 ) (864 984 124.631581 ) 
4 38 40 (864 72 139 ) (864 72 96 ) (1056 72 96 ) (1056 72 139 ) 
4 39 169 (1056 64 147 ) (1056 64 152 ) (864 64 152 ) (864 64 147 ) 
4 39 50 (864 64 147 ) (864 64 152 ) (864 68 152 ) (864 68 147 ) 
4 40 179 (1056 72 96 ) (1056 64 96 ) (864 64 96 ) (864 72 96 ) 
4 40 170 (864 64 96 ) (1056 64 96 ) (1056 64 139 ) (864 64 139 ) 
4 40 51 (864 72 96 ) (864 64 96 ) (864 64 139 ) (864 72 139 ) 
4 41 179 (192 984 96 ) (864 984 96 ) (864 976 96 ) (192 976 96 ) 
4 41 137 (192 976 96 ) (568 976 96 ) (568 976 131.363410 ) (192 976 140.315791 ) 
4 41 133 (568 976 96 ) (724 976 96 ) (724 976 127.649125 ) (568 976 131.363410 ) 
4 41 48 (724 976 96 ) (864 976 96 ) (864 976 124.315791 ) (724 976 127.649125 ) 
4 41 46 (192 984 96 ) (192 976 96 ) (192 976 140.315791 ) (192 984 140.631580 ) 
4 42 130 (576 976 176 ) (576 976 164 ) (724 976 164 ) (724 976 176 ) 
4 42 53 (604 976 376 ) (576 976 376 ) (576 976 176 ) (604 976 176 ) 
4 42 52 (724 976 376 ) (604 976 376 ) (604 976 176 ) (724 976 176 ) 
4 42 47 (864 976 152 ) (864 976 376 ) (724 976 376 ) (724 976 152 ) 
4 42 44 (576 976 155.172935 ) (576 976 164 ) (576 984 164 ) (576 984 155.488724 ) 
4 42 43 (576 976 176 ) (576 976 376 ) (576 984 376 ) (576 984 176 ) 
5 43 55 (416 976 376 ) (204 976 376 ) (204 976 176.060159 ) (208 976 176 ) (416 976 176 ) 
4 43 53 (576 976 376 ) (416 976 376 ) (416 976 176 ) (576 976 176 ) 
3 44 138 (205.263259 976 164 ) (568 976 155.363411 ) (568 976 164 ) 
4 45 205 (48 984 304 ) (48 984 224 ) (48 976 224 ) (48 976 304 ) 
4 45 93 (48 976 304 ) (48 976 224 ) (80 976 224 ) (80 976 304 ) 
4 46 237 (48 984 117 ) (48 984 96 ) (48 976 96 ) (48 976 117 ) 
4 46 209 (48 984 164 ) (48 984 117 ) (48 976 117 ) (48 976 164 ) 
4 46 179 (48 976 96 ) (48 984 96 ) (192 984 96 ) (192 976 96 ) 
4 46 158 (48 976 164 ) (48 976 96 ) (192 976 96 ) (192 976 164 ) 
4 47 169 (864 64 152 ) (864 64 376 ) (724 64 376 ) (724 64 152 ) 
4 47 164 (724 72 152 ) (724 64 152 ) (724 64 176 ) (724 72 176 ) 
4 47 162 (724 76 152 ) (724 72 152 ) (724 72 176 ) (724 76 176 ) 
4 47 161 (724 64 176 ) (724 64 376 ) (724 80 376 ) (724 80 176 ) 
4 47 131 (724 296 164 ) (724 296 176 ) (724 824 176 ) (724 824 164 ) 
4 47 130 (724 976 176 ) (724 976 164 ) (724 824 164 ) (724 824 176 ) 
4 47 52 (724 976 376 ) (724 976 176 ) (724 80 176 ) (724 80 376 ) 
4 47 50 (864 68 152 ) (864 64 152 ) (724 64 152 ) (724 68 152 ) 
4 48 179 (724 976 96 ) (864 976 96 ) (864 968 96 ) (724 968 96 ) 
4 48 133 (724 976 127.649125 ) (724 976 96 ) (724 968 96 ) (724 968 127.333335 ) 
4 48 49 (724 968 127.333335 ) (724 968 96 ) (864 968 96 ) (864 968 124 ) 
4 49 179 (864 968 96 ) (864 72 96 ) (724 72 96 ) (724 968 96 ) 
4 49 163 (724 72 139 ) (724 72 140 ) (724 80 140 ) (724 80 139 ) 
4 49 165 (724 80 96 ) (724 72 96 ) (724 72 139 ) (724 80 139 ) 
4 49 159 (724 216 96 ) (724 80 96 ) (724 80 140 ) (724 216 140 ) 
4 49 135 (724 432 96 ) (724 216 96 ) (724 216 140 ) (724 432 140 ) 
4 49 134 (724 968 96 ) (724 432 96 ) (724 432 140 ) (724 968 140 ) 
4 49 51 (724 72 96 ) (864 72 96 ) (864 72 139 ) (724 72 139 ) 
4 50 169 (864 64 147 ) (864 64 152 ) (724 64 152 ) (724 64 147 ) 
4 50 164 (724 64 147 ) (724 64 152 ) (724 68 152 ) (724 68 147 ) 
4 51 179 (864 72 96 ) (864 64 96 ) (724 64 96 ) (724 72 96 ) 
4 51 170 (724 64 96 ) (864 64 96 ) (864 64 139 ) (724 64 139 ) 
4 51 165 (724 72 96 ) (724 64 96 ) (724 64 139 ) (724 72 139 ) 
4 52 161 (604 80 176 ) (724 80 176 ) (724 80 376 ) (604 80 376 ) 
4 52 131 (724 824 176 ) (724 296 176 ) (672 296 176 ) (672 824 176 ) 
4 52 130 (604 976 176 ) (724 976 176 ) (724 824 176 ) (604 824 176 ) 
4 52 57 (604 448 376 ) (604 824 376 ) (604 824 176 ) (604 448 176 ) 
4 52 53 (604 824 376 ) (604 976 376 ) (604 976 176 ) (604 824 176 ) 
4 53 130 (576 976 176 ) (604 976 176 ) (604 824 176 ) (576 824 176 ) 
4 53 59 (520 824 176 ) (530 824 176 ) (530 824 184 ) (520 824 184 ) 
4 53 58 (530 824 184 ) (530 824 376 ) (437.600031 824 376 ) (437.600031 824 184 ) 
4 53 57 (530 824 176 ) (604 824 176 ) (604 824 376 ) (530 824 376 ) 
4 53 55 (416 833 376 ) (416 976 376 ) (416 976 176 ) (416 833 176 ) 
4 54 69 (425.066566 824 184 ) (425.066566 824 312 ) (416 824 312 ) (416 824 184 ) 
4 54 68 (425.066566 824 312 ) (425.066566 824 376 ) (416 824 376 ) (416 824 312 ) 
4 54 56 (416 824 376 ) (416 828 376 ) (416 828 176 ) (416 824 176 ) 
5 56 84 (248 824 184 ) (248 824 206 ) (245 824 230 ) (214 824 230 ) (219.750007 824 184 ) 
4 56 82 (214 824 230 ) (210 824 230 ) (213 824 184 ) (219.750007 824 184 ) 
4 56 81 (213 824 184 ) (210 824 230 ) (204 824 230 ) (204 824 184 ) 
4 56 80 (245 824 230 ) (226.750014 824 376 ) (204 824 376 ) (204 824 230 ) 
3 56 79 (248 824 206 ) (248 824 376 ) (226.750014 824 376 ) 
4 56 74 (256 824 184 ) (256 824 198 ) (248 824 198 ) (248 824 184 ) 
4 56 72 (256 824 198 ) (256 824 206 ) (248 824 206 ) (248 824 198 ) 
4 56 71 (256 824 206 ) (256 824 376 ) (248 824 376 ) (248 824 206 ) 
4 56 69 (416 824 184 ) (416 824 312 ) (256 824 312 ) (256 824 184 ) 
4 56 68 (416 824 312 ) (416 824 376 ) (256 824 376 ) (256 824 312 ) 
4 57 77 (584 448 288 ) (530 448 288 ) (530 448 240 ) (584 448 240 ) 
4 57 61 (530 785.500012 176 ) (530 723 176 ) (530 723 184 ) (530 785.500012 184 ) 
4 57 60 (530 723 184 ) (530 723 376 ) (530 785.500012 376 ) (530 785.500012 184 ) 
4 57 59 (530 824 184 ) (530 824 176 ) (530 785.500012 176 ) (530 785.500012 184 ) 
4 57 58 (530 824 376 ) (530 824 184 ) (530 785.500012 184 ) (530 785.500012 376 ) 
4 58 60 (530 785.500026 184 ) (530 785.500026 376 ) (488 803 376 ) (488 803 184 ) 
4 58 59 (530 824 184 ) (530 785.500012 184 ) (520 789.666679 184 ) (520 824 184 ) 
4 59 61 (520 789.666693 176 ) (530 785.500026 176 ) (530 785.500026 184 ) (520 789.666693 184 ) 
4 60 70 (488 803 312 ) (488 803 184 ) (491.513332 796.307995 184 ) (491.513332 796.307995 312 ) 
4 60 67 (521.495899 739.198342 184 ) (530 723 184 ) (530 723 312 ) (521.495899 739.198342 312 ) 
4 60 63 (491.513332 796.307995 184 ) (521.495899 739.198342 184 ) (521.495899 739.198342 312 ) (491.513332 796.307995 312 ) 
4 60 61 (530 785.500012 184 ) (530 723 184 ) (520 742.047670 184 ) (520 789.666679 184 ) 
4 62 71 (256 633 312 ) (256 633 376 ) (256 655 376 ) (256 655 312 ) 
4 62 68 (256 655 376 ) (486.480004 793.287984 376 ) (486.480004 793.287984 312 ) (256 655 312 ) 
4 62 66 (516 737 376 ) (256 633 376 ) (256 633 312 ) (516 737 312 ) 
4 62 63 (256 633 312 ) (256 655 312 ) (486.479998 793.287995 312 ) (516.086961 737.034767 312 ) 
4 63 75 (256 633 184 ) (256 633 198 ) (256 655 198 ) (256 655 184 ) 
4 63 71 (256 633 206 ) (256 633 312 ) (256 655 312 ) (256 655 206 ) 
4 63 70 (491.513337 796.307984 312 ) (491.513337 796.307984 184 ) (491 796 184 ) (491 796 312 ) 
4 63 69 (486 793 184 ) (256 655 184 ) (256 655 312 ) (486 793 312 ) 
4 63 67 (521.495898 739.198340 184 ) (521.495898 739.198340 312 ) (521 739 312 ) (521 739 184 ) 
4 63 66 (516 737 312 ) (256 633 312 ) (256 633 184 ) (516 737 184 ) 
4 64 66 (520 626 184 ) (520 626 376 ) (520 729.500051 376 ) (520 729.500051 184 ) 
4 64 65 (520 626 176 ) (522 626 176 ) (522 626 376 ) (520 626 376 ) 
4 65 66 (520 448 184 ) (520 448 376 ) (520 626 376 ) (520 626 184 ) 
4 66 78 (503 448 280 ) (439 448 280 ) (439 448 184 ) (503 448 184 ) 
4 66 75 (256 614 198 ) (256 633 198 ) (256 633 184 ) (256 614 184 ) 
4 66 76 (256 448 184 ) (256 448 198 ) (256 614 198 ) (256 614 184 ) 
4 66 73 (256 448 198 ) (256 448 206 ) (256 612 206 ) (256 612 198 ) 
4 66 71 (256 448 206 ) (256 448 376 ) (256 633 376 ) (256 633 206 ) 
4 68 71 (256 655 312 ) (256 655 376 ) (256 824 376 ) (256 824 312 ) 
5 68 69 (484 798 312 ) (486 793 312 ) (256 655 312 ) (256 824 312 ) (425.066566 824 312 ) 
4 69 75 (256 655 184 ) (256 655 198 ) (256 734 198 ) (256 734 184 ) 
4 69 74 (256 734 198 ) (256 824 198 ) (256 824 184 ) (256 734 184 ) 
4 69 72 (256 736 206 ) (256 824 206 ) (256 824 198 ) (256 736 198 ) 
4 69 71 (256 655 206 ) (256 655 312 ) (256 824 312 ) (256 824 206 ) 
4 71 79 (248 824 376 ) (248 824 206 ) (248 448 206 ) (248 448 376 ) 
4 71 72 (256 824 206 ) (256 736 206 ) (248 736 206 ) (248 824 206 ) 
4 71 73 (256 612 206 ) (256 448 206 ) (248 448 206 ) (248 612 206 ) 
4 72 90 (248 740 198 ) (248 738 198 ) (248 738 206 ) (248 740 206 ) 
4 72 84 (248 824 206 ) (248 824 198 ) (248 740 198 ) (248 740 206 ) 
4 72 74 (248 736 198 ) (248 824 198 ) (256 824 198 ) (256 736 198 ) 
4 73 91 (248 610 198 ) (248 608 198 ) (248 608 206 ) (248 610 206 ) 
4 73 92 (248 608 198 ) (248 448 198 ) (248 448 206 ) (248 608 206 ) 
4 73 76 (256 448 198 ) (248 448 198 ) (248 612 198 ) (256 612 198 ) 
4 74 90 (248 740 184 ) (248 738 184 ) (248 738 198 ) (248 740 198 ) 
4 74 84 (248 824 198 ) (248 824 184 ) (248 740 184 ) (248 740 198 ) 
4 74 75 (254 734 184 ) (256 734 184 ) (256 734 198 ) (254 734 198 ) 
4 75 76 (254 614 184 ) (256 614 184 ) (256 614 198 ) (254 614 198 ) 
4 76 91 (248 610 184 ) (248 608 184 ) (248 608 198 ) (248 610 198 ) 
4 76 92 (248 608 184 ) (248 448 184 ) (248 448 198 ) (248 608 198 ) 
4 77 101 (584 432 288 ) (528 432 288 ) (528 432 240 ) (584 432 240 ) 
4 78 101 (503 432 280 ) (439 432 280 ) (439 432 184 ) (503 432 184 ) 
4 79 87 (247 608 214 ) (245 608 230 ) (245 618 230 ) (247 618 214 ) 
4 79 85 (247 730 214 ) (245 730 230 ) (245 740 230 ) (247 740 214 ) 
4 79 86 (248 730 206 ) (248 618 206 ) (245 618 230 ) (245 730 230 ) 
4 79 84 (245 824 230 ) (248 824 206 ) (248 740 206 ) (245 740 230 ) 
4 79 92 (248 608 206 ) (248 448 206 ) (245 448 230 ) (245 608 230 ) 
4 79 80 (226.750005 448 376 ) (226.750005 824 376 ) (245 824 230 ) (245 448 230 ) 
4 80 97 (204 528 230 ) (204 464 230 ) (204 464 280 ) (204 528 280 ) 
4 80 89 (214 608 230 ) (214 610 230 ) (219 610 230 ) (219 608 230 ) 
4 80 88 (214 738 230 ) (214 740 230 ) (219 740 230 ) (219 738 230 ) 
4 80 87 (245 618 230 ) (245 608 230 ) (219 608 230 ) (219 618 230 ) 
4 80 85 (219 740 230 ) (245 740 230 ) (245 730 230 ) (219 730 230 ) 
4 80 86 (245 730 230 ) (245 618 230 ) (219 618 230 ) (219 730 230 ) 
4 80 84 (214 740 230 ) (214 824 230 ) (245 824 230 ) (245 740 230 ) 
4 80 92 (245 448 230 ) (214 448 230 ) (214 608 230 ) (245 608 230 ) 
4 80 82 (210 738 230 ) (210 824 230 ) (214 824 230 ) (214 738 230 ) 
4 80 83 (214 448 230 ) (210 448 230 ) (210 610 230 ) (214 610 230 ) 
4 80 81 (210 448 230 ) (204 448 230 ) (204 824 230 ) (210 824 230 ) 
4 81 97 (204 528 184 ) (204 464 184 ) (204 464 230 ) (204 528 230 ) 
4 81 82 (213 824 184 ) (210 824 230 ) (210 738 230 ) (213 738 184 ) 
4 81 83 (210 610 230 ) (210 448 230 ) (213 448 184 ) (213 610 184 ) 
4 82 90 (219.749999 738 184 ) (219.749999 740 184 ) (217 740 206 ) (217 738 206 ) 
4 82 88 (216 740 214 ) (214 740 230 ) (214 738 230 ) (216 738 214 ) 
4 82 84 (219.749999 740 184 ) (219.749999 824 184 ) (214 824 230 ) (214 740 230 ) 
4 83 91 (219.749999 608 184 ) (219.749999 610 184 ) (217 610 206 ) (217 608 206 ) 
4 83 89 (216 610 214 ) (214 610 230 ) (214 608 230 ) (216 608 214 ) 
4 83 92 (214 448 230 ) (219.749999 448 184 ) (219.749999 608 184 ) (214 608 230 ) 
4 84 90 (219.750007 740 184 ) (248 740 184 ) (248 740 206 ) (217 740 206 ) 
4 84 88 (219 740 230 ) (214 740 230 ) (216 740 214 ) (220.391300 740 214 ) 
4 84 85 (247 740 214 ) (245 740 230 ) (219 740 230 ) (220.391300 740 214 ) 
4 85 88 (219 738 230 ) (219 740 230 ) (220.391313 740 214 ) (220.391313 738 214 ) 
4 85 86 (219 730 230 ) (220.391300 730 214 ) (247 730 214 ) (245 730 230 ) 
4 86 87 (247 618 214 ) (245 618 230 ) (219 618 230 ) (220.391300 618 214 ) 
4 87 89 (219 608 230 ) (219 610 230 ) (220.391313 610 214 ) (220.391313 608 214 ) 
4 87 92 (247 608 214 ) (245 608 230 ) (219 608 230 ) (220.391300 608 214 ) 
4 89 92 (214 608 230 ) (216 608 214 ) (220.391300 608 214 ) (219 608 230 ) 
4 91 92 (217 608 206 ) (219.750007 608 184 ) (248 608 184 ) (248 608 206 ) 
4 93 210 (48 576 376 ) (48 976 376 ) (48 976 184 ) (48 576 184 ) 
4 93 100 (188 976 184 ) (192 976 184 ) (192 824 184 ) (188 824 184 ) 
4 93 96 (98 576 184 ) (162 576 184 ) (162 576 280 ) (98 576 280 ) 
4 94 238 (48 448 376 ) (48 560 376 ) (48 560 280 ) (48 448 280 ) 
4 94 99 (48 448 280 ) (48 560 280 ) (98 560 280 ) (98 448 280 ) 
4 94 98 (192 528 280 ) (192 448 280 ) (98 448 280 ) (98 528 280 ) 
4 94 95 (162 560 280 ) (192 560 280 ) (192 528 280 ) (162 528 280 ) 
4 94 96 (98 560 280 ) (162 560 280 ) (162 528 280 ) (98 528 280 ) 
4 95 98 (162 528 184 ) (192 528 184 ) (192 528 280 ) (162 528 280 ) 
4 95 96 (162 560 184 ) (162 528 184 ) (162 528 280 ) (162 560 280 ) 
4 96 99 (98 560 184 ) (98 528 184 ) (98 528 280 ) (98 560 280 ) 
4 96 98 (98 528 184 ) (162 528 184 ) (162 528 280 ) (98 528 280 ) 
4 97 98 (192 528 280 ) (192 528 184 ) (192 464 184 ) (192 464 280 ) 
4 98 99 (98 528 184 ) (98 448 184 ) (98 448 280 ) (98 528 280 ) 
4 99 238 (48 560 184 ) (48 448 184 ) (48 448 280 ) (48 560 280 ) 
4 100 158 (188 976 176 ) (192 976 176 ) (192 824 176 ) (188 824 176 ) 
4 102 166 (448 80 288 ) (448 80 240 ) (520 80 240 ) (520 80 288 ) 
4 102 103 (408 169 185 ) (408 105 185 ) (408 105 281 ) (408 169 281 ) 
4 102 105 (408 80 184 ) (408 80 376 ) (408 81 376 ) (408 81 184 ) 
4 103 106 (404 169 185 ) (404 105 185 ) (404 105 281 ) (404 169 281 ) 
4 104 160 (408 216 176 ) (408 81 176 ) (404 81 176 ) (404 216 176 ) 
4 104 157 (408 304 176 ) (408 216 176 ) (404 216 176 ) (404 304 176 ) 
4 104 153 (404 432 176 ) (408 432 176 ) (408 304 176 ) (404 304 176 ) 
4 104 105 (404 81 176 ) (408 81 176 ) (408 81 177 ) (404 81 177 ) 
4 105 160 (408 81 176 ) (408 80 176 ) (404 80 176 ) (404 81 176 ) 
4 105 106 (404 80 184 ) (404 80 376 ) (404 81 376 ) (404 81 184 ) 
4 106 167 (266 80 280 ) (266 80 208 ) (288 80 208 ) (288 80 280 ) 
4 106 115 (266 209 184 ) (266 80 184 ) (266 80 376 ) (266 209 376 ) 
4 106 114 (266 313 184 ) (266 211 184 ) (266 211 197 ) (266 313 197 ) 
4 106 113 (266 211 197 ) (266 211 214 ) (266 313 214 ) (266 313 197 ) 
4 106 112 (266 321 184 ) (266 315 184 ) (266 315 216 ) (266 321 216 ) 
4 106 111 (266 209 216 ) (266 209 376 ) (266 321 376 ) (266 321 216 ) 
4 106 110 (266 425 184 ) (266 323 184 ) (266 323 197 ) (266 425 197 ) 
4 106 109 (266 323 197 ) (266 323 214 ) (266 425 214 ) (266 425 197 ) 
4 106 108 (266 432 216 ) (266 432 184 ) (266 427 184 ) (266 427 216 ) 
4 106 107 (266 432 376 ) (266 432 216 ) (266 321 216 ) (266 321 376 ) 
4 107 116 (217 321 216 ) (217 321 376 ) (217 432 376 ) (217 432 216 ) 
4 107 111 (217 321 376 ) (217 321 216 ) (266 321 216 ) (266 321 376 ) 
4 107 108 (217 427 216 ) (217 432 216 ) (266 432 216 ) (266 427 216 ) 
4 108 117 (217 427 216 ) (217 432 216 ) (217 432 184 ) (217 427 184 ) 
4 109 110 (266 425 197 ) (266 323 197 ) (218 323 197 ) (218 425 197 ) 
4 110 117 (217 323 184 ) (217 323 197 ) (217 425 197 ) (217 425 184 ) 
4 111 116 (217 209 216 ) (217 209 376 ) (217 321 376 ) (217 321 216 ) 
4 111 115 (266 209 216 ) (266 209 376 ) (217 209 376 ) (217 209 216 ) 
4 111 112 (217 315 216 ) (217 321 216 ) (266 321 216 ) (266 315 216 ) 
4 112 117 (217 315 216 ) (217 321 216 ) (217 321 184 ) (217 315 184 ) 
4 113 114 (266 313 197 ) (266 211 197 ) (218 211 197 ) (218 313 197 ) 
4 114 124 (217 211 184 ) (217 211 197 ) (217 308 197 ) (217 308 184 ) 
4 114 117 (217 308 197 ) (217 313 197 ) (217 313 184 ) (217 308 184 ) 
4 115 167 (266 80 208 ) (266 80 280 ) (224 80 280 ) (224 80 208 ) 
4 115 124 (217 202 216 ) (217 209 216 ) (217 209 184 ) (217 202 184 ) 
4 115 129 (217 80 184 ) (217 80 216 ) (217 202 216 ) (217 202 184 ) 
4 115 116 (217 80 216 ) (217 80 376 ) (217 209 376 ) (217 209 216 ) 
4 116 241 (48 376 281 ) (48 376 216 ) (48 224 216 ) (48 224 281 ) 
4 116 240 (48 224 376 ) (48 376 376 ) (48 376 281 ) (48 224 281 ) 
4 116 239 (48 376 376 ) (48 432 376 ) (48 432 216 ) (48 376 216 ) 
4 116 243 (48 80 376 ) (48 224 376 ) (48 224 216 ) (48 80 216 ) 
4 116 168 (48 80 288 ) (48 80 216 ) (96 80 216 ) (96 80 288 ) 
4 116 128 (59 202 216 ) (48 202 216 ) (48 204 216 ) (59 204 216 ) 
4 116 127 (48 204 216 ) (48 308 216 ) (59 308 216 ) (59 204 216 ) 
4 116 124 (217 308 216 ) (217 202 216 ) (108 202 216 ) (108 308 216 ) 
4 116 129 (217 202 216 ) (217 80 216 ) (48 80 216 ) (48 202 216 ) 
4 116 122 (108 308 216 ) (59 308 216 ) (59 314 216 ) (108 314 216 ) 
4 116 123 (59 308 216 ) (48 308 216 ) (48 316 216 ) (59 316 216 ) 
4 116 121 (48 316 216 ) (48 420 216 ) (59 420 216 ) (59 316 216 ) 
4 116 118 (48 420 216 ) (48 432 216 ) (108 432 216 ) (108 420 216 ) 
4 116 117 (217 432 216 ) (217 308 216 ) (108 308 216 ) (108 432 216 ) 
4 117 124 (217 308 184 ) (217 308 216 ) (108 308 216 ) (108 308 184 ) 
4 117 122 (108 314 184 ) (108 308 184 ) (108 308 216 ) (108 314 216 ) 
4 117 119 (108 418 184 ) (108 316 184 ) (108 316 214 ) (108 418 214 ) 
4 117 118 (108 432 216 ) (108 432 184 ) (108 420 184 ) (108 420 216 ) 
4 118 239 (48 432 216 ) (48 432 184 ) (48 420 184 ) (48 420 216 ) 
4 118 121 (59 420 216 ) (48 420 216 ) (48 420 184 ) (59 420 184 ) 
4 119 120 (60 418 184 ) (60 316 184 ) (60 316 197 ) (60 418 197 ) 
4 120 121 (59 418 184 ) (59 316 184 ) (59 316 197 ) (59 418 197 ) 
4 121 241 (48 376 184 ) (48 316 184 ) (48 316 216 ) (48 376 216 ) 
4 121 239 (48 420 184 ) (48 376 184 ) (48 376 216 ) (48 420 216 ) 
4 121 123 (48 316 216 ) (48 316 184 ) (59 316 184 ) (59 316 216 ) 
4 122 123 (59 314 184 ) (59 308 184 ) (59 308 216 ) (59 314 216 ) 
4 123 241 (48 316 184 ) (48 308 184 ) (48 308 216 ) (48 316 216 ) 
4 123 127 (59 308 216 ) (48 308 216 ) (48 308 184 ) (59 308 184 ) 
4 124 125 (108 306 184 ) (108 204 184 ) (108 204 214 ) (108 306 214 ) 
4 124 129 (108 202 184 ) (217 202 184 ) (217 202 216 ) (108 202 216 ) 
4 125 126 (60 306 184 ) (60 204 184 ) (60 204 197 ) (60 306 197 ) 
4 126 127 (59 306 184 ) (59 204 184 ) (59 204 197 ) (59 306 197 ) 
4 127 241 (48 308 184 ) (48 224 184 ) (48 224 216 ) (48 308 216 ) 
4 127 243 (48 224 184 ) (48 204 184 ) (48 204 216 ) (48 224 216 ) 
4 127 128 (48 204 216 ) (48 204 184 ) (59 204 184 ) (59 204 216 ) 
4 128 243 (48 204 184 ) (48 202 184 ) (48 202 216 ) (48 204 216 ) 
4 128 129 (48 202 216 ) (48 202 184 ) (59 202 184 ) (59 202 216 ) 
4 129 243 (48 202 184 ) (48 80 184 ) (48 80 216 ) (48 202 216 ) 
4 130 131 (724 824 164 ) (724 824 176 ) (672 824 176 ) (672 824 164 ) 
4 132 160 (596 216 176 ) (568 216 176 ) (568 216 164 ) (596 216 164 ) 
4 132 156 (568 216 164 ) (568 216 176 ) (568 296 176 ) (568 296 164 ) 
4 133 179 (568 976 96 ) (724 976 96 ) (724 968 96 ) (568 968 96 ) 
4 133 137 (568 976 96 ) (568 968 96 ) (568 968 131.047621 ) (568 976 131.363410 ) 
4 133 134 (568 968 131.047621 ) (568 968 96 ) (724 968 96 ) (724 968 127.333335 ) 
4 134 179 (724 968 96 ) (724 432 96 ) (568 432 96 ) (568 968 96 ) 
4 134 150 (568 432 109.889725 ) (568 432 140 ) (568 448 140 ) (568 448 110.521304 ) 
4 134 149 (568 448 140 ) (568 626 140 ) (568 626 117.547620 ) (568 448 110.521304 ) 
4 134 146 (568 626 140 ) (568 824 140 ) (568 824 125.363410 ) (568 626 117.547620 ) 
4 134 142 (568 824 140 ) (568 833 140 ) (568 833 125.718673 ) (568 824 125.363410 ) 
4 134 140 (568 833 140 ) (568 968 140 ) (568 968 131.047621 ) (568 833 125.718673 ) 
4 134 137 (568 968 96 ) (568 432 96 ) (568 432 109.889725 ) (568 968 131.047621 ) 
4 134 136 (596 432 140 ) (568 432 140 ) (568 432 96 ) (596 432 96 ) 
4 134 135 (724 432 96 ) (724 432 140 ) (604 432 140 ) (604 432 96 ) 
4 135 179 (724 432 96 ) (724 216 96 ) (604 216 96 ) (604 432 96 ) 
4 135 159 (724 216 96 ) (724 216 140 ) (604 216 140 ) (604 216 96 ) 
4 136 179 (596 216 96 ) (568 216 96 ) (568 432 96 ) (596 432 96 ) 
4 136 160 (596 216 140 ) (568 216 140 ) (568 216 96 ) (596 216 96 ) 
4 136 155 (568 296 140 ) (568 304 140 ) (568 304 104.837093 ) (568 296 104.521304 ) 
4 136 156 (568 216 101.363409 ) (568 216 140 ) (568 296 140 ) (568 296 104.521304 ) 
4 136 150 (568 304 140 ) (568 432 140 ) (568 432 109.889725 ) (568 304 104.837093 ) 
4 136 137 (568 432 96 ) (568 216 96 ) (568 216 101.363409 ) (568 432 109.889725 ) 
4 137 179 (192 976 96 ) (568 976 96 ) (568 216 96 ) (192 216 96 ) 
4 137 160 (192 216 110.315790 ) (192 216 96 ) (568 216 96 ) (568 216 101.363409 ) 
4 137 155 (568 296 104.521304 ) (568 304 104.837093 ) (408 304 108.646617 ) (408 296 108.330827 ) 
4 137 156 (408 216 105.172932 ) (568 216 101.363409 ) (568 296 104.521304 ) (408 296 108.330827 ) 
4 137 157 (192 304 113.789474 ) (192 216 110.315789 ) (408 216 105.172932 ) (408 304 108.646617 ) 
4 137 154 (192 824 134.315790 ) (192 304 113.789474 ) (520 304 105.979950 ) (520 824 126.506267 ) 
4 137 150 (520 304 105.979950 ) (568 304 104.837093 ) (568 448 110.521304 ) (520 448 111.664161 ) 
4 137 149 (568 448 110.521304 ) (568 626 117.547620 ) (520 626 118.690477 ) (520 448 111.664161 ) 
4 137 146 (568 626 117.547620 ) (568 824 125.363410 ) (520 824 126.506267 ) (520 626 118.690477 ) 
4 137 144 (204 824 134.030076 ) (416 824 128.982457 ) (416 833 129.337720 ) (204 833 134.385339 ) 
4 137 145 (192 833 134.671054 ) (192 824 134.315790 ) (204 824 134.030076 ) (204 833 134.385339 ) 
4 137 142 (416 824 128.982457 ) (568 824 125.363410 ) (568 833 125.718673 ) (416 833 129.337720 ) 
4 137 140 (204 833 134.385339 ) (568 833 125.718673 ) (568 968 131.047620 ) (204 968 139.714287 ) 
4 137 141 (192 968 140 ) (192 833 134.671054 ) (204 833 134.385339 ) (204 968 139.714287 ) 
4 137 158 (192 976 140.315791 ) (192 976 96 ) (192 216 96 ) (192 216 110.315790 ) 
4 138 140 (568 968 155.047622 ) (568 968 164 ) (204 968 164 ) (204 968 163.714288 ) 
3 138 139 (204 975.238034 164 ) (204 968 163.714288 ) (204 968 164 ) 
4 139 141 (204 968 176 ) (192 968 176 ) (192 968 164 ) (204 968 163.714288 ) 
4 139 158 (192 976 176 ) (192 976 164.315792 ) (192 968 164 ) (192 968 176 ) 
4 140 144 (204 833 134.385340 ) (416 833 129.337721 ) (416 833 152 ) (204 833 152 ) 
4 140 142 (416 833 129.337721 ) (568 833 125.718673 ) (568 833 164 ) (416 833 164 ) 
4 140 141 (204 968 164 ) (204 968 139.714287 ) (204 833 134.385340 ) (204 833 164 ) 
4 141 145 (192 833 176 ) (192 833 134.671054 ) (204 833 134.385340 ) (204 833 176 ) 
4 141 158 (192 968 140 ) (192 833 134.671054 ) (192 833 176 ) (192 968 176 ) 
4 142 154 (520 824 164 ) (416 824 164 ) (416 824 128.982458 ) (520 824 126.506267 ) 
4 142 146 (568 824 125.363410 ) (568 824 164 ) (520 824 164 ) (520 824 126.506267 ) 
4 142 143 (416 829 152 ) (416 824 152 ) (416 824 164 ) (416 829 164 ) 
4 142 144 (416 833 152 ) (416 833 129.337721 ) (416 824 128.982458 ) (416 824 152 ) 
4 143 154 (204 824 164 ) (204 824 152 ) (416 824 152 ) (416 824 164 ) 
4 143 145 (204 824 152 ) (204 824 164 ) (204 829 164 ) (204 829 152 ) 
4 143 144 (416 824 152 ) (204 824 152 ) (204 829 152 ) (416 829 152 ) 
4 144 154 (204 824 152 ) (204 824 134.030076 ) (416 824 128.982458 ) (416 824 152 ) 
4 144 145 (204 833 134.385340 ) (204 824 134.030076 ) (204 824 152 ) (204 833 152 ) 
4 145 153 (204 824 176 ) (192 824 176 ) (192 824 164 ) (204 824 164 ) 
4 145 154 (192 824 164 ) (192 824 134.315791 ) (204 824 134.030076 ) (204 824 164 ) 
4 145 158 (192 833 134.671054 ) (192 824 134.315791 ) (192 824 176 ) (192 833 176 ) 
4 146 154 (520 824 164 ) (520 824 126.506267 ) (520 626 118.690477 ) (520 626 164 ) 
4 146 148 (522 626 164 ) (520 626 164 ) (520 626 140 ) (522 626 140 ) 
4 146 147 (568 626 140 ) (568 626 164 ) (530 626 164 ) (530 626 140 ) 
4 146 149 (520 626 118.690477 ) (568 626 117.547620 ) (568 626 140 ) (520 626 140 ) 
4 147 150 (530 448 140 ) (568 448 140 ) (568 448 164 ) (530 448 164 ) 
4 147 149 (530 626 140 ) (568 626 140 ) (568 448 140 ) (530 448 140 ) 
4 148 154 (520 626 164 ) (520 626 140 ) (520 448 140 ) (520 448 164 ) 
4 148 150 (520 448 164 ) (520 448 140 ) (522 448 140 ) (522 448 164 ) 
4 148 149 (520 448 140 ) (520 626 140 ) (522 626 140 ) (522 448 140 ) 
4 149 154 (520 626 140 ) (520 626 118.690477 ) (520 448 111.664161 ) (520 448 140 ) 
4 149 150 (520 448 140 ) (520 448 111.664161 ) (568 448 110.521304 ) (568 448 140 ) 
4 150 155 (520 304 105.979950 ) (568 304 104.837093 ) (568 304 160 ) (520 304 160 ) 
4 150 154 (520 448 164 ) (520 448 111.664161 ) (520 304 105.979950 ) (520 304 164 ) 
4 151 152 (488 803 176 ) (476.975030 824 176 ) (476.975030 824 164 ) (488 803 164 ) 
3 151 154 (520 824 164 ) (520 742.047670 164 ) (476.975028 824 164 ) 
3 152 154 (437.600031 824 164 ) (476.975028 824 164 ) (488 803 164 ) 
4 153 157 (192 304 176 ) (192 304 164 ) (408 304 164 ) (408 304 176 ) 
4 153 158 (192 304 164 ) (192 304 176 ) (192 824 176 ) (192 824 164 ) 
6 153 154 (520 729.599993 164 ) (520 304 164 ) (192 304 164 ) (192 824 164 ) (425.066566 824 164 ) (484 798 164 ) 
4 154 155 (408 304 108.646617 ) (520 304 105.979950 ) (520 304 160 ) (408 304 160 ) 
4 154 157 (192 304 164 ) (192 304 113.789474 ) (408 304 108.646617 ) (408 304 164 ) 
4 154 158 (192 824 134.315791 ) (192 304 113.789474 ) (192 304 164 ) (192 824 164 ) 
4 155 156 (408 296 108.330828 ) (568 296 104.521304 ) (568 296 160 ) (408 296 160 ) 
4 155 157 (408 304 160 ) (408 304 108.646617 ) (408 296 108.330828 ) (408 296 160 ) 
4 156 160 (568 216 176 ) (408 216 176 ) (408 216 105.172933 ) (568 216 101.363409 ) 
4 156 157 (408 296 108.330828 ) (408 216 105.172933 ) (408 216 176 ) (408 296 176 ) 
4 157 160 (408 216 176 ) (192 216 176 ) (192 216 110.315790 ) (408 216 105.172933 ) 
4 157 158 (192 304 113.789474 ) (192 216 110.315790 ) (192 216 176 ) (192 304 176 ) 
4 158 259 (48 560 96 ) (48 216 96 ) (48 216 176 ) (48 560 176 ) 
4 158 237 (48 976 117 ) (48 976 96 ) (48 560 96 ) (48 560 117 ) 
4 158 211 (48 976 176 ) (48 976 117 ) (48 560 117 ) (48 560 176 ) 
4 158 179 (48 216 96 ) (48 976 96 ) (192 976 96 ) (192 216 96 ) 
4 158 160 (192 216 176 ) (48 216 176 ) (48 216 96 ) (192 216 96 ) 
4 159 179 (604 216 96 ) (724 216 96 ) (724 80 96 ) (604 80 96 ) 
4 159 163 (724 80 139 ) (724 80 144 ) (604 80 144 ) (604 80 139 ) 
4 159 165 (604 80 96 ) (724 80 96 ) (724 80 139 ) (604 80 139 ) 
4 160 259 (48 216 96 ) (48 80 96 ) (48 80 176 ) (48 216 176 ) 
4 160 179 (48 80 96 ) (48 216 96 ) (596 216 96 ) (596 80 96 ) 
4 161 169 (724 64 176 ) (724 64 376 ) (604 64 376 ) (604 64 176 ) 
4 161 164 (724 64 176 ) (604 64 176 ) (604 72 176 ) (724 72 176 ) 
4 161 162 (604 72 176 ) (604 76 176 ) (724 76 176 ) (724 72 176 ) 
4 162 164 (724 72 147 ) (724 72 176 ) (604 72 176 ) (604 72 147 ) 
4 162 163 (724 76 144 ) (724 72 144 ) (604 72 144 ) (604 76 144 ) 
4 163 165 (724 80 139 ) (724 72 139 ) (604 72 139 ) (604 80 139 ) 
4 164 169 (724 64 147 ) (724 64 176 ) (604 64 176 ) (604 64 147 ) 
4 165 179 (604 80 96 ) (724 80 96 ) (724 64 96 ) (604 64 96 ) 
4 165 170 (604 64 96 ) (724 64 96 ) (724 64 139 ) (604 64 139 ) 
4 166 169 (448 64 288 ) (448 64 240 ) (520 64 240 ) (520 64 288 ) 
4 167 169 (224 64 280 ) (224 64 208 ) (288 64 208 ) (288 64 280 ) 
4 168 261 (48 80 288 ) (48 80 216 ) (48 64 216 ) (48 64 288 ) 
4 168 174 (48 64 288 ) (48 64 216 ) (96 64 216 ) (96 64 288 ) 
4 169 292 (1056 -4 147 ) (1056 -4 148 ) (196 -4 148 ) (196 -4 147 ) 
4 169 291 (1056 -4 148 ) (1056 -4 376 ) (196 -4 376 ) (196 -4 148 ) 
4 169 171 (196 34 294 ) (196 -4 294 ) (196 -4 358 ) (196 34 358 ) 
4 170 305 (1056 -4 96 ) (1056 -4 139 ) (196 -4 139 ) (196 -4 96 ) 
4 170 179 (1056 -4 96 ) (196 -4 96 ) (196 64 96 ) (1056 64 96 ) 
4 171 307 (188 -4 358 ) (188 -4 294 ) (196 -4 294 ) (196 -4 358 ) 
4 171 172 (188 -4 294 ) (188 -4 358 ) (188 34 358 ) (188 34 294 ) 
4 172 311 (188 -4 376 ) (48 -4 376 ) (48 -4 294 ) (188 -4 294 ) 
4 172 260 (48 -4 294 ) (48 -4 376 ) (48 64 376 ) (48 64 294 ) 
4 172 174 (97 -4 294 ) (48 -4 294 ) (48 64 294 ) (97 64 294 ) 
4 172 173 (188 -4 294 ) (97 -4 294 ) (97 64 294 ) (188 64 294 ) 
4 173 312 (97 -4 184 ) (188 -4 184 ) (188 -4 294 ) (97 -4 294 ) 
4 173 176 (97 16 184 ) (97 -4 184 ) (97 -4 214 ) (97 16 214 ) 
4 173 175 (97 64 184 ) (97 19 184 ) (97 19 216 ) (97 64 216 ) 
4 173 174 (97 -4 216 ) (97 -4 294 ) (97 64 294 ) (97 64 216 ) 
4 174 316 (48 -4 294 ) (48 -4 216 ) (97 -4 216 ) (97 -4 294 ) 
4 174 263 (48 60 288 ) (48 64 288 ) (48 64 216 ) (48 60 216 ) 
4 174 267 (48 -4 216 ) (48 -4 288 ) (48 60 288 ) (48 60 216 ) 
4 174 260 (48 -4 288 ) (48 -4 294 ) (48 64 294 ) (48 64 288 ) 
4 174 175 (97 64 216 ) (97 19 216 ) (48 19 216 ) (48 64 216 ) 
4 175 263 (48 60 216 ) (48 64 216 ) (48 64 184 ) (48 60 184 ) 
4 175 267 (48 19 216 ) (48 60 216 ) (48 60 184 ) (48 19 184 ) 
4 176 317 (49 -4 184 ) (97 -4 184 ) (97 -4 214 ) (49 -4 214 ) 
4 176 177 (49 16 184 ) (49 -4 184 ) (49 -4 197 ) (49 16 197 ) 
4 177 319 (48 -4 197 ) (48 -4 184 ) (49 -4 184 ) (49 -4 197 ) 
4 177 267 (48 -4 184 ) (48 -4 197 ) (48 16 197 ) (48 16 184 ) 
4 178 344 (48 -4 176 ) (48 -4 96 ) (188 -4 96 ) (188 -4 176 ) 
4 178 270 (48 -4 96 ) (48 -4 176 ) (48 64 176 ) (48 64 96 ) 
4 178 179 (188 -4 96 ) (48 -4 96 ) (48 64 96 ) (188 64 96 ) 
4 179 350 (1056 -4 -255 ) (1056 -4 96 ) (48 -4 96 ) (48 -4 -255 ) 
4 179 276 (48 -4 -255 ) (48 -4 96 ) (48 560 96 ) (48 560 -255 ) 
4 179 237 (48 560 96 ) (48 984 96 ) (48 984 -255 ) (48 560 -255 ) 
4 180 277 (-844 2048 376 ) (-844 2027 376 ) (-844 2027 1024 ) (-844 2048 1024 ) 
4 180 183 (48 2048 376 ) (48 2027 376 ) (-844 2027 376 ) (-844 2048 376 ) 
4 180 181 (48 2027 1023 ) (48 2027 1024 ) (-844 2027 1024 ) (-844 2027 1023 ) 
4 181 278 (-844 1032 1023 ) (-844 1032 1024 ) (-844 2027 1024 ) (-844 2027 1023 ) 
4 181 197 (48 1032 1023 ) (48 1032 1024 ) (-844 1032 1024 ) (-844 1032 1023 ) 
4 182 279 (-844 1032 376 ) (-844 1032 1023 ) (-844 2027 1023 ) (-844 2027 376 ) 
4 182 199 (48 1032 376 ) (48 1032 392 ) (-324 1032 392 ) (-324 1032 376 ) 
4 182 198 (48 1032 392 ) (48 1032 1023 ) (-324 1032 1023 ) (-324 1032 392 ) 
4 182 200 (-324 1032 1023 ) (-844 1032 1023 ) (-844 1032 376 ) (-324 1032 376 ) 
4 182 192 (-324 1032 376 ) (-836 1032 376 ) (-836 1264 376 ) (-324 1264 376 ) 
4 182 188 (48 1104 376 ) (48 1032 376 ) (-308 1032 376 ) (-308 1104 376 ) 
4 182 187 (48 1272 376 ) (48 1104 376 ) (-308 1104 376 ) (-308 1272 376 ) 
4 182 185 (48 1556 376 ) (48 1272 376 ) (-840 1272 376 ) (-840 1556 376 ) 
4 182 186 (-840 1272 376 ) (-844 1272 376 ) (-844 1556 376 ) (-840 1556 376 ) 
4 182 184 (48 2027 376 ) (48 1556 376 ) (-844 1556 376 ) (-844 2027 376 ) 
4 183 277 (-844 2027 376 ) (-844 2048 376 ) (-844 2048 -255 ) (-844 2027 -255 ) 
4 184 279 (-844 1556 -255 ) (-844 1556 376 ) (-844 2027 376 ) (-844 2027 -255 ) 
4 184 196 (48 1556 -255 ) (48 1556 140 ) (-844 1556 140 ) (-844 1556 -255 ) 
4 184 185 (48 1556 152 ) (48 1556 376 ) (-840 1556 376 ) (-840 1556 152 ) 
4 184 186 (-840 1556 376 ) (-844 1556 376 ) (-844 1556 140 ) (-840 1556 140 ) 
4 185 195 (-840 1272 176 ) (-840 1272 152 ) (-836 1272 152 ) (-836 1272 176 ) 
4 185 187 (48 1272 176 ) (48 1272 376 ) (-308 1272 376 ) (-308 1272 176 ) 
4 185 186 (-840 1556 376 ) (-840 1556 152 ) (-840 1272 152 ) (-840 1272 376 ) 
4 186 279 (-844 1272 376 ) (-844 1556 376 ) (-844 1556 140 ) (-844 1272 140 ) 
4 186 196 (-844 1272 140 ) (-844 1556 140 ) (-840 1556 140 ) (-840 1272 140 ) 
4 186 195 (-844 1272 176 ) (-844 1272 140 ) (-840 1272 140 ) (-840 1272 176 ) 
4 187 188 (-308 1104 376 ) (-308 1104 183.759407 ) (48 1104 178.406024 ) (48 1104 376 ) 
4 188 207 (48 1032 178.406024 ) (48 1032 224 ) (-308 1032 224 ) (-308 1032 183.759407 ) 
4 188 206 (-160 1032 304 ) (-308 1032 304 ) (-308 1032 224 ) (-160 1032 224 ) 
4 188 205 (48 1032 224 ) (48 1032 304 ) (-160 1032 304 ) (-160 1032 224 ) 
4 188 204 (48 1032 304 ) (48 1032 376 ) (-308 1032 376 ) (-308 1032 304 ) 
4 188 190 (-308 1032 184 ) (-308 1032 280 ) (-308 1048 280 ) (-308 1048 184 ) 
4 189 208 (48 1032 140 ) (48 1032 152 ) (-308 1032 152 ) (-308 1032 140 ) 
4 189 196 (-308 1272 140 ) (48 1272 140 ) (48 1032 140 ) (-308 1032 140 ) 
4 189 191 (-308 1272 140 ) (-308 1032 140 ) (-308 1032 152 ) (-308 1272 152 ) 
4 190 212 (-324 1032 280 ) (-324 1032 184 ) (-308 1032 184 ) (-308 1032 280 ) 
4 190 192 (-324 1048 184 ) (-324 1032 184 ) (-324 1032 280 ) (-324 1048 280 ) 
4 191 213 (-324 1032 152 ) (-324 1032 140 ) (-308 1032 140 ) (-308 1032 152 ) 
4 191 196 (-324 1272 140 ) (-308 1272 140 ) (-308 1032 140 ) (-324 1032 140 ) 
4 191 194 (-324 1264 140 ) (-324 1032 140 ) (-324 1032 152 ) (-324 1264 152 ) 
4 191 193 (-324 1272 152 ) (-324 1272 140 ) (-324 1264 140 ) (-324 1264 152 ) 
4 192 235 (-644 1032 376 ) (-836 1032 376 ) (-836 1032 184 ) (-644 1032 184 ) 
4 192 227 (-644 1032 188 ) (-644 1032 184 ) (-324 1032 184 ) (-324 1032 188 ) 
4 192 220 (-623 1032 188 ) (-324 1032 188 ) (-324 1032 328 ) (-623 1032 328 ) 
4 192 219 (-644 1032 328 ) (-644 1032 188 ) (-623 1032 188 ) (-623 1032 328 ) 
4 192 218 (-644 1032 336 ) (-644 1032 328 ) (-636 1032 328 ) (-636 1032 336 ) 
4 192 217 (-628 1032 328 ) (-324 1032 328 ) (-324 1032 336 ) (-628 1032 336 ) 
3 192 216 (-644 1032 336 ) (-324 1032 336 ) (-324 1032 368 ) 
3 192 215 (-324 1032 376 ) (-644 1032 376 ) (-644 1032 344 ) 
4 193 196 (-836 1272 140 ) (-324 1272 140 ) (-324 1264 140 ) (-836 1264 140 ) 
4 193 195 (-836 1272 140 ) (-836 1264 140 ) (-836 1264 152 ) (-836 1272 152 ) 
4 193 194 (-324 1264 140 ) (-324 1264 152 ) (-836 1264 152 ) (-836 1264 140 ) 
4 194 236 (-836 1032 176 ) (-836 1032 140 ) (-644 1032 140 ) (-644 1032 176 ) 
4 194 228 (-644 1032 140 ) (-324 1032 140 ) (-324 1032 176 ) (-644 1032 176 ) 
4 194 196 (-324 1264 140 ) (-324 1032 140 ) (-836 1032 140 ) (-836 1264 140 ) 
4 194 195 (-836 1264 140 ) (-836 1032 140 ) (-836 1032 176 ) (-836 1264 176 ) 
4 195 279 (-844 1032 140 ) (-844 1032 176 ) (-844 1272 176 ) (-844 1272 140 ) 
4 195 236 (-844 1032 176 ) (-844 1032 140 ) (-836 1032 140 ) (-836 1032 176 ) 
4 195 196 (-844 1032 140 ) (-844 1272 140 ) (-836 1272 140 ) (-836 1032 140 ) 
4 196 279 (-844 1032 -255 ) (-844 1032 140 ) (-844 1556 140 ) (-844 1556 -255 ) 
4 196 237 (48 1032 -255 ) (48 1032 117 ) (-844 1032 117 ) (-844 1032 -255 ) 
4 196 236 (-644 1032 140 ) (-844 1032 140 ) (-844 1032 117 ) (-644 1032 117 ) 
4 196 228 (-324 1032 140 ) (-644 1032 140 ) (-644 1032 117 ) (-324 1032 117 ) 
4 196 213 (-308 1032 140 ) (-324 1032 140 ) (-324 1032 117 ) (-308 1032 117 ) 
4 196 208 (48 1032 117 ) (48 1032 140 ) (-308 1032 140 ) (-308 1032 117 ) 
4 197 278 (-844 1032 1024 ) (-844 1032 1023 ) (-844 728 1023 ) (-844 728 1024 ) 
4 197 201 (48 728 1023 ) (48 728 1024 ) (-844 728 1024 ) (-844 728 1023 ) 
4 198 202 (48 728 392 ) (48 728 1023 ) (-324 728 1023 ) (-324 728 392 ) 
4 198 199 (-324 1032 392 ) (48 1032 392 ) (48 984 392 ) (-324 984 392 ) 
4 198 200 (-324 728 392 ) (-324 728 1023 ) (-324 1032 1023 ) (-324 1032 392 ) 
4 199 204 (-308 1032 376 ) (48 1032 376 ) (48 984 376 ) (-308 984 376 ) 
4 199 200 (-324 984 392 ) (-324 1032 392 ) (-324 1032 376 ) (-324 984 376 ) 
4 200 279 (-844 1032 1023 ) (-844 1032 376 ) (-844 728 376 ) (-844 728 1023 ) 
4 200 235 (-836 1032 376 ) (-644 1032 376 ) (-644 728 376 ) (-836 728 376 ) 
4 200 215 (-644 1032 376 ) (-324 1032 376 ) (-324 728 376 ) (-644 728 376 ) 
4 200 202 (-324 728 1023 ) (-644 728 1023 ) (-644 728 392 ) (-324 728 392 ) 
4 200 203 (-644 728 1023 ) (-844 728 1023 ) (-844 728 376 ) (-644 728 376 ) 
4 201 355 (47 -4 1024 ) (-844 -4 1024 ) (-844 -4 1023 ) (47 -4 1023 ) 
4 201 288 (48 -4 1023 ) (48 -4 1024 ) (47 -4 1024 ) (47 -4 1023 ) 
4 201 278 (-844 -4 1023 ) (-844 -4 1024 ) (-844 728 1024 ) (-844 728 1023 ) 
4 202 358 (-256 -4 1023 ) (-644 -4 1023 ) (-644 -4 392 ) (-256 -4 392 ) 
4 202 356 (47 -4 1023 ) (-256 -4 1023 ) (-256 -4 392 ) (47 -4 392 ) 
4 202 290 (48 -4 392 ) (48 -4 1023 ) (47 -4 1023 ) (47 -4 392 ) 
4 202 203 (-644 -4 392 ) (-644 -4 1023 ) (-644 728 1023 ) (-644 728 392 ) 
4 203 359 (-644 -4 1023 ) (-844 -4 1023 ) (-844 -4 376 ) (-644 -4 376 ) 
4 203 279 (-844 -4 376 ) (-844 -4 1023 ) (-844 728 1023 ) (-844 728 376 ) 
4 203 273 (-836 560 376 ) (-644 560 376 ) (-644 -4 376 ) (-836 -4 376 ) 
4 203 235 (-836 728 376 ) (-644 728 376 ) (-644 560 376 ) (-836 560 376 ) 
4 204 206 (-160 984 304 ) (-308 984 304 ) (-308 1032 304 ) (-160 1032 304 ) 
4 204 205 (48 1032 304 ) (48 984 304 ) (-160 984 304 ) (-160 1032 304 ) 
4 205 210 (48 976 224 ) (48 976 304 ) (-160 976 304 ) (-160 976 224 ) 
4 205 207 (-160 1032 224 ) (48 1032 224 ) (48 984 224 ) (-160 984 224 ) 
4 205 206 (-160 1032 224 ) (-160 984 224 ) (-160 984 304 ) (-160 1032 304 ) 
4 206 212 (-308 1032 280 ) (-308 1032 224 ) (-308 1000 224 ) (-308 1000 280 ) 
4 206 207 (-308 984 224 ) (-308 1032 224 ) (-160 1032 224 ) (-160 984 224 ) 
4 207 212 (-308 1032 224 ) (-308 1032 184 ) (-308 1000 184 ) (-308 1000 224 ) 
4 208 237 (-308 1032 117 ) (48 1032 117 ) (48 984 117 ) (-308 984 117 ) 
4 208 213 (-308 1032 152 ) (-308 1032 117 ) (-308 984 117 ) (-308 984 152 ) 
4 208 209 (-308 984 152 ) (-308 984 117 ) (48 984 117 ) (48 984 152 ) 
4 209 237 (48 984 117 ) (48 976 117 ) (-308 976 117 ) (-308 984 117 ) 
4 209 213 (-308 984 117 ) (-308 976 117 ) (-308 976 152 ) (-308 984 152 ) 
4 209 211 (-308 976 117 ) (48 976 117 ) (48 976 164 ) (-308 976 164 ) 
4 211 259 (48 560 117 ) (48 560 176 ) (-308 560 176 ) (-308 560 117 ) 
4 211 237 (48 976 117 ) (48 560 117 ) (-308 560 117 ) (-308 976 117 ) 
4 211 214 (-308 704 117 ) (-308 560 117 ) (-308 560 176 ) (-308 704 176 ) 
4 211 213 (-308 976 117 ) (-308 704 117 ) (-308 704 152 ) (-308 976 152 ) 
4 212 227 (-324 1032 188 ) (-324 1032 184 ) (-324 1000 184 ) (-324 1000 188 ) 
4 212 220 (-324 1032 280 ) (-324 1032 188 ) (-324 1000 188 ) (-324 1000 280 ) 
4 213 237 (-324 1032 117 ) (-308 1032 117 ) (-308 704 117 ) (-324 704 117 ) 
4 213 228 (-324 1032 152 ) (-324 1032 117 ) (-324 704 117 ) (-324 704 152 ) 
4 213 214 (-324 704 152 ) (-324 704 117 ) (-308 704 117 ) (-308 704 152 ) 
4 214 259 (-324 560 176 ) (-324 560 117 ) (-308 560 117 ) (-308 560 176 ) 
4 214 237 (-308 704 117 ) (-308 560 117 ) (-324 560 117 ) (-324 704 117 ) 
4 214 234 (-324 560 117 ) (-324 560 176 ) (-324 704 176 ) (-324 704 117 ) 
4 215 235 (-644 1032 376 ) (-644 1032 344 ) (-644 704 344 ) (-644 704 376 ) 
4 216 218 (-636 704 336 ) (-644 704 336 ) (-644 1032 336 ) (-636 1032 336 ) 
4 216 217 (-324 1032 336 ) (-324 704 336 ) (-628 704 336 ) (-628 1032 336 ) 
4 217 224 (-521 704 328 ) (-529 704 328 ) (-628 1001 328 ) (-628 1025 328 ) 
3 217 223 (-529 704 328 ) (-628 704 328 ) (-628 1001 328 ) 
5 217 222 (-324 704 328 ) (-521 704 328 ) (-628 1025 328 ) (-628 1027.666647 328 ) (-324 926.333317 328 ) 
5 217 220 (-628 1027.666647 328 ) (-628 1030.333271 328 ) (-623 1032 328 ) (-324 1032 328 ) (-324 926.333317 328 ) 
3 217 219 (-628 1030.333271 328 ) (-628 1032 328 ) (-623 1032 328 ) 
4 218 235 (-644 1032 336 ) (-644 1032 328 ) (-644 704 328 ) (-644 704 336 ) 
4 218 223 (-636 704 328 ) (-644 704 328 ) (-644 1001 328 ) (-636 1025 328 ) 
4 218 221 (-644 1001 328 ) (-644 1025 328 ) (-636 1027.666604 328 ) (-636 1025 328 ) 
4 218 219 (-644 1025 328 ) (-644 1032 328 ) (-636 1032 328 ) (-636 1027.666604 328 ) 
4 219 235 (-644 1032 328 ) (-644 1032 188 ) (-644 1025 188 ) (-644 1025 328 ) 
3 219 227 (-644 1025 188 ) (-644 1032 188 ) (-623 1032 188 ) 
4 219 221 (-635 1028 328 ) (-644 1025 328 ) (-644 1025 188 ) (-635 1028 188 ) 
4 219 220 (-623 1032 328 ) (-632 1029 328 ) (-632 1029 188 ) (-623 1032 188 ) 
4 220 227 (-324 1032 188 ) (-324 926.333317 188 ) (-632 1029 188 ) (-623 1032 188 ) 
4 220 222 (-629 1028 188 ) (-324 926.333352 188 ) (-324 926.333352 328 ) (-629 1028 328 ) 
4 221 235 (-644 1025 188 ) (-644 1001 188 ) (-644 1001 328 ) (-644 1025 328 ) 
3 221 227 (-644 1001 188 ) (-644 1025 188 ) (-635 1028 188 ) 
4 221 223 (-636 1025 328 ) (-644 1001 328 ) (-644 1001 188 ) (-636 1025 188 ) 
4 222 230 (-408 704 280 ) (-512 704 280 ) (-512 704 212 ) (-408 704 212 ) 
4 222 227 (-324 926.333317 188 ) (-324 704 188 ) (-521 704 188 ) (-629 1028 188 ) 
4 222 224 (-628 1025 188 ) (-521 704 188 ) (-521 704 328 ) (-628 1025 328 ) 
4 223 235 (-644 1001 188 ) (-644 704 188 ) (-644 704 328 ) (-644 1001 328 ) 
4 223 232 (-608 704 188 ) (-544 704 188 ) (-544 704 280 ) (-608 704 280 ) 
4 223 227 (-529 704 188 ) (-644 704 188 ) (-644 1001 188 ) (-636 1025 188 ) 
4 223 225 (-632 1013 188 ) (-635 1022 188 ) (-635 1022 328 ) (-632 1013 328 ) 
4 223 224 (-529 704 188 ) (-632 1013 188 ) (-632 1013 328 ) (-529 704 328 ) 
4 224 227 (-521 704 188 ) (-529 704 188 ) (-632 1013 188 ) (-628 1025 188 ) 
4 224 226 (-629.600020 1020.199975 328 ) (-629 1022 328 ) (-629 1022 188 ) (-629.600020 1020.199975 188 ) 
4 224 225 (-632 1013 328 ) (-629.600020 1020.199975 328 ) (-629.600020 1020.199975 188 ) (-632 1013 188 ) 
3 225 227 (-632 1013 188 ) (-635 1022 188 ) (-629.599982 1020.199963 188 ) 
4 225 226 (-629.599972 1020.199994 188 ) (-632 1021 188 ) (-632 1021 328 ) (-629.599972 1020.199994 328 ) 
3 226 227 (-629 1022 188 ) (-629.599982 1020.199963 188 ) (-632 1021 188 ) 
4 227 235 (-644 1032 188 ) (-644 1032 184 ) (-644 704 184 ) (-644 704 188 ) 
4 227 232 (-544 704 188 ) (-608 704 188 ) (-608 704 184 ) (-544 704 184 ) 
4 228 237 (-644 1032 117 ) (-324 1032 117 ) (-324 704 117 ) (-644 704 117 ) 
4 228 236 (-644 1032 176 ) (-644 1032 117 ) (-644 704 117 ) (-644 704 176 ) 
4 228 234 (-628 704 117 ) (-324 704 117 ) (-324 704 176 ) (-628 704 176 ) 
4 229 247 (-324 560 376 ) (-628 560 376 ) (-628 560 280 ) (-324 560 280 ) 
4 229 233 (-544 560 280 ) (-628 560 280 ) (-628 688 280 ) (-544 688 280 ) 
4 229 231 (-324 688 280 ) (-324 560 280 ) (-544 560 280 ) (-544 688 280 ) 
4 230 231 (-408 688 212 ) (-408 688 280 ) (-512 688 280 ) (-512 688 212 ) 
4 231 250 (-544 560 184 ) (-396 560 184 ) (-396 560 280 ) (-544 560 280 ) 
4 231 248 (-396 560 184 ) (-324 560 184 ) (-324 560 280 ) (-396 560 280 ) 
4 231 233 (-544 688 184 ) (-544 560 184 ) (-544 560 280 ) (-544 688 280 ) 
4 232 233 (-608 688 184 ) (-544 688 184 ) (-544 688 280 ) (-608 688 280 ) 
4 233 250 (-628 560 280 ) (-628 560 184 ) (-544 560 184 ) (-544 560 280 ) 
4 234 259 (-628 560 176 ) (-628 560 117 ) (-324 560 117 ) (-324 560 176 ) 
4 234 237 (-324 704 117 ) (-324 560 117 ) (-628 560 117 ) (-628 704 117 ) 
4 235 273 (-644 560 376 ) (-836 560 376 ) (-836 560 184 ) (-644 560 184 ) 
4 236 279 (-844 560 117 ) (-844 560 176 ) (-844 1032 176 ) (-844 1032 117 ) 
4 236 275 (-844 560 176 ) (-844 560 117 ) (-644 560 117 ) (-644 560 176 ) 
4 236 237 (-844 560 117 ) (-844 1032 117 ) (-644 1032 117 ) (-644 560 117 ) 
4 237 279 (-844 560 -255 ) (-844 560 117 ) (-844 1032 117 ) (-844 1032 -255 ) 
4 237 276 (48 560 -255 ) (48 560 96 ) (-844 560 96 ) (-844 560 -255 ) 
4 237 275 (-644 560 117 ) (-844 560 117 ) (-844 560 96 ) (-644 560 96 ) 
4 237 274 (-628 560 117 ) (-644 560 117 ) (-644 560 96 ) (-628 560 96 ) 
4 237 259 (48 560 96 ) (48 560 117 ) (-628 560 117 ) (-628 560 96 ) 
4 238 246 (-308 448 184 ) (-176 448 184 ) (-176 448 280 ) (-308 448 280 ) 
4 238 244 (-176 448 376 ) (-308 448 376 ) (-308 448 280 ) (-176 448 280 ) 
4 239 242 (-168 376 217 ) (-168 376 184 ) (-166 376 184 ) (-166 376 217 ) 
4 239 241 (-166 376 184 ) (48 376 184 ) (48 376 281 ) (-166 376 281 ) 
4 239 240 (-168 376 376 ) (-168 376 281 ) (48 376 281 ) (48 376 376 ) 
4 240 241 (48 224 281 ) (-166 224 281 ) (-166 376 281 ) (48 376 281 ) 
4 240 243 (48 224 281 ) (48 224 376 ) (-168 224 376 ) (-168 224 281 ) 
4 241 242 (-166 376 217 ) (-166 376 184 ) (-166 224 184 ) (-166 224 217 ) 
4 241 243 (-166 224 184 ) (48 224 184 ) (48 224 281 ) (-166 224 281 ) 
4 242 243 (-168 224 184 ) (-166 224 184 ) (-166 224 217 ) (-168 224 217 ) 
4 243 261 (48 80 216 ) (48 80 288 ) (-80 80 288 ) (-80 80 216 ) 
4 243 245 (-168 112 185 ) (-168 112 280 ) (-168 176 280 ) (-168 176 185 ) 
4 244 251 (-308 80 280 ) (-308 80 376 ) (-308 432 376 ) (-308 432 280 ) 
4 244 246 (-176 80 280 ) (-308 80 280 ) (-308 448 280 ) (-176 448 280 ) 
4 245 246 (-176 112 185 ) (-176 112 280 ) (-176 176 280 ) (-176 176 185 ) 
4 246 262 (-308 80 280 ) (-308 80 184 ) (-216 80 184 ) (-216 80 280 ) 
4 246 255 (-308 160 184 ) (-308 80 184 ) (-308 80 280 ) (-308 160 280 ) 
4 246 254 (-308 352 184 ) (-308 160 184 ) (-308 160 280 ) (-308 352 280 ) 
4 246 252 (-308 432 184 ) (-308 352 184 ) (-308 352 280 ) (-308 432 280 ) 
4 247 250 (-628 448 280 ) (-628 560 280 ) (-396 560 280 ) (-396 448 280 ) 
4 247 248 (-396 560 280 ) (-324 560 280 ) (-324 448 280 ) (-396 448 280 ) 
4 248 250 (-396 448 280 ) (-396 560 280 ) (-396 560 184 ) (-396 448 184 ) 
4 248 249 (-396 448 184 ) (-332 448 184 ) (-332 448 280 ) (-396 448 280 ) 
4 249 252 (-396 432 184 ) (-332 432 184 ) (-332 432 280 ) (-396 432 280 ) 
4 251 255 (-308 160 280 ) (-308 80 280 ) (-412 80 280 ) (-412 160 280 ) 
4 251 254 (-308 352 280 ) (-308 160 280 ) (-412 160 280 ) (-412 352 280 ) 
4 251 252 (-308 432 280 ) (-308 352 280 ) (-412 352 280 ) (-412 432 280 ) 
4 252 254 (-308 352 280 ) (-412 352 280 ) (-412 352 184 ) (-308 352 184 ) 
4 252 253 (-412 416 184 ) (-412 352 184 ) (-412 352 280 ) (-412 416 280 ) 
4 253 257 (-420 416 184 ) (-420 352 184 ) (-420 352 280 ) (-420 416 280 ) 
4 254 255 (-412 160 184 ) (-308 160 184 ) (-308 160 280 ) (-412 160 280 ) 
4 255 256 (-412 160 280 ) (-412 160 184 ) (-412 96 184 ) (-412 96 280 ) 
4 256 258 (-420 160 184 ) (-420 96 184 ) (-420 96 280 ) (-420 160 280 ) 
4 257 271 (-628 400 280 ) (-628 400 232 ) (-628 344 232 ) (-628 344 280 ) 
4 258 272 (-628 152 232 ) (-628 152 280 ) (-628 208 280 ) (-628 208 232 ) 
4 259 276 (-628 560 96 ) (48 560 96 ) (48 80 96 ) (-628 80 96 ) 
4 259 274 (-628 560 117 ) (-628 560 96 ) (-628 80 96 ) (-628 80 117 ) 
4 260 360 (47 -4 376 ) (-356 -4 376 ) (-356 -4 288 ) (47 -4 288 ) 
4 260 316 (48 -4 288 ) (48 -4 294 ) (47 -4 294 ) (47 -4 288 ) 
4 260 311 (48 -4 294 ) (48 -4 376 ) (47 -4 376 ) (47 -4 294 ) 
4 260 264 (-188 64 288 ) (-92 64 288 ) (-92 60 288 ) (-188 60 288 ) 
4 260 263 (-92 64 288 ) (48 64 288 ) (48 60 288 ) (-92 60 288 ) 
4 260 266 (-356 60 288 ) (-356 64 288 ) (-188 64 288 ) (-188 60 288 ) 
4 260 267 (48 -4 288 ) (-356 -4 288 ) (-356 60 288 ) (48 60 288 ) 
4 261 263 (48 64 216 ) (48 64 288 ) (-80 64 288 ) (-80 64 216 ) 
4 262 266 (-308 64 184 ) (-216 64 184 ) (-216 64 280 ) (-308 64 280 ) 
4 263 264 (-92 60 284 ) (-92 60 288 ) (-92 64 288 ) (-92 64 284 ) 
4 263 265 (-92 64 184 ) (-92 60 184 ) (-92 60 220 ) (-92 64 220 ) 
4 263 267 (48 60 184 ) (48 60 288 ) (-92 60 288 ) (-92 60 184 ) 
4 264 266 (-188 64 288 ) (-188 64 284 ) (-188 60 284 ) (-188 60 288 ) 
4 264 267 (-92 60 288 ) (-188 60 288 ) (-188 60 284 ) (-92 60 284 ) 
4 265 267 (-188 60 220 ) (-188 60 184 ) (-92 60 184 ) (-92 60 220 ) 
4 265 266 (-188 64 220 ) (-188 64 184 ) (-188 60 184 ) (-188 60 220 ) 
4 266 267 (-188 60 288 ) (-356 60 288 ) (-356 60 184 ) (-188 60 184 ) 
4 267 360 (47 -4 288 ) (-356 -4 288 ) (-356 -4 184 ) (47 -4 184 ) 
4 267 318 (48 -4 197 ) (48 -4 216 ) (47 -4 216 ) (47 -4 197 ) 
4 267 319 (48 -4 184 ) (48 -4 197 ) (47 -4 197 ) (47 -4 184 ) 
4 267 316 (48 -4 216 ) (48 -4 288 ) (47 -4 288 ) (47 -4 216 ) 
4 267 268 (-356 -4 184 ) (-356 -4 280 ) (-356 60 280 ) (-356 60 184 ) 
4 268 269 (-372 60 184 ) (-372 -4 184 ) (-372 -4 280 ) (-372 60 280 ) 
4 269 373 (-628 -4 216 ) (-628 -4 184 ) (-544 -4 184 ) (-544 -4 216 ) 
4 269 372 (-544 -4 184 ) (-479 -4 184 ) (-479 -4 216 ) (-544 -4 216 ) 
4 269 371 (-479 -4 376 ) (-628 -4 376 ) (-628 -4 216 ) (-479 -4 216 ) 
4 269 366 (-479 -4 289 ) (-479 -4 184 ) (-373 -4 184 ) (-373 -4 289 ) 
4 269 365 (-373 -4 184 ) (-372 -4 184 ) (-372 -4 225 ) (-373 -4 225 ) 
4 269 362 (-372 -4 225 ) (-372 -4 289 ) (-373 -4 289 ) (-373 -4 225 ) 
4 269 361 (-372 -4 376 ) (-479 -4 376 ) (-479 -4 289 ) (-372 -4 289 ) 
4 270 446 (47 -4 176 ) (-628 -4 176 ) (-628 -4 96 ) (47 -4 96 ) 
4 270 344 (48 -4 96 ) (48 -4 176 ) (47 -4 176 ) (47 -4 96 ) 
4 270 276 (48 64 96 ) (48 -4 96 ) (-628 -4 96 ) (-628 64 96 ) 
4 270 274 (-628 -4 96 ) (-628 -4 117 ) (-628 64 117 ) (-628 64 96 ) 
4 271 273 (-644 400 280 ) (-644 400 232 ) (-644 344 232 ) (-644 344 280 ) 
4 272 273 (-644 152 232 ) (-644 152 280 ) (-644 208 280 ) (-644 208 232 ) 
4 273 453 (-696 -4 376 ) (-836 -4 376 ) (-836 -4 184 ) (-696 -4 184 ) 
4 273 449 (-644 -4 376 ) (-696 -4 376 ) (-696 -4 184 ) (-644 -4 184 ) 
4 274 448 (-644 -4 96 ) (-628 -4 96 ) (-628 -4 117 ) (-644 -4 117 ) 
4 274 276 (-644 560 96 ) (-628 560 96 ) (-628 -4 96 ) (-644 -4 96 ) 
4 274 275 (-644 -4 96 ) (-644 -4 117 ) (-644 560 117 ) (-644 560 96 ) 
4 275 454 (-844 -4 176 ) (-844 -4 96 ) (-644 -4 96 ) (-644 -4 176 ) 
4 275 279 (-844 -4 96 ) (-844 -4 176 ) (-844 560 176 ) (-844 560 96 ) 
4 275 276 (-844 -4 96 ) (-844 560 96 ) (-644 560 96 ) (-644 -4 96 ) 
4 276 457 (47 -4 96 ) (-844 -4 96 ) (-844 -4 -255 ) (47 -4 -255 ) 
4 276 350 (48 -4 -255 ) (48 -4 96 ) (47 -4 96 ) (47 -4 -255 ) 
4 276 279 (-844 -4 -255 ) (-844 -4 96 ) (-844 560 96 ) (-844 560 -255 ) 
4 277 280 (-2048 2027 -255 ) (-1862 2027 -255 ) (-1862 2027 1024 ) (-2048 2027 1024 ) 
4 277 278 (-844 2027 1023 ) (-844 2027 1024 ) (-1862 2027 1024 ) (-1862 2027 1023 ) 
4 278 461 (-844 -4 1023 ) (-844 -4 1024 ) (-1862 -4 1024 ) (-1862 -4 1023 ) 
4 278 280 (-1862 2027 1024 ) (-1862 2027 1023 ) (-1862 -4 1023 ) (-1862 -4 1024 ) 
4 279 462 (-844 -4 -255 ) (-844 -4 1023 ) (-1862 -4 1023 ) (-1862 -4 -255 ) 
4 280 463 (-1862 -4 -255 ) (-1862 -4 1024 ) (-2048 -4 1024 ) (-2048 -4 -255 ) 
4 281 352 (1056 -792 1024 ) (1056 -792 1023 ) (1862 -792 1023 ) (1862 -792 1024 ) 
4 281 351 (1862 -792 1023 ) (2048 -792 1023 ) (2048 -792 1024 ) (1862 -792 1024 ) 
4 281 288 (1056 -4 1024 ) (1056 -4 1023 ) (1056 -792 1023 ) (1056 -792 1024 ) 
4 281 282 (2048 -792 1023 ) (1862 -792 1023 ) (1862 -4 1023 ) (2048 -4 1023 ) 
4 282 351 (1862 -792 140 ) (2048 -792 140 ) (2048 -792 1023 ) (1862 -792 1023 ) 
4 282 284 (2048 -792 140 ) (1862 -792 140 ) (1862 -4 140 ) (2048 -4 140 ) 
4 283 353 (1056 -792 1023 ) (1056 -792 140 ) (1862 -792 140 ) (1862 -792 1023 ) 
4 283 304 (1056 -776 147 ) (1056 -776 148 ) (1056 -706 148 ) (1056 -706 147 ) 
4 283 302 (1056 -706 147 ) (1056 -706 148 ) (1056 -642 148 ) (1056 -642 147 ) 
4 283 301 (1056 -642 147 ) (1056 -642 148 ) (1056 -578 148 ) (1056 -578 147 ) 
4 283 299 (1056 -578 147 ) (1056 -578 148 ) (1056 -514 148 ) (1056 -514 147 ) 
4 283 298 (1056 -514 147 ) (1056 -514 148 ) (1056 -258 148 ) (1056 -258 147 ) 
4 283 296 (1056 -258 147 ) (1056 -258 148 ) (1056 -194 148 ) (1056 -194 147 ) 
4 283 295 (1056 -194 147 ) (1056 -194 148 ) (1056 -128 148 ) (1056 -128 147 ) 
4 283 293 (1056 -128 147 ) (1056 -128 148 ) (1056 -64 148 ) (1056 -64 147 ) 
4 283 292 (1056 -4 148 ) (1056 -4 147 ) (1056 -64 147 ) (1056 -64 148 ) 
4 283 291 (1056 -4 376 ) (1056 -4 148 ) (1056 -776 148 ) (1056 -776 376 ) 
4 283 306 (1056 -776 140 ) (1056 -792 140 ) (1056 -792 376 ) (1056 -776 376 ) 
4 283 289 (1056 -4 1023 ) (1056 -4 376 ) (1056 -792 376 ) (1056 -792 1023 ) 
4 283 287 (1424 -792 140 ) (1056 -792 140 ) (1056 -772 140 ) (1424 -772 140 ) 
4 283 285 (1862 -792 140 ) (1424 -792 140 ) (1424 -4 140 ) (1862 -4 140 ) 
4 284 351 (2048 -792 -255 ) (2048 -792 140 ) (1862 -792 140 ) (1862 -792 -255 ) 
4 285 353 (1862 -792 140 ) (1424 -792 140 ) (1424 -792 -255 ) (1862 -792 -255 ) 
4 285 286 (1424 -4 128 ) (1424 -4 -255 ) (1424 -772 -255 ) (1424 -772 128 ) 
4 285 287 (1424 -792 -255 ) (1424 -792 140 ) (1424 -772 140 ) (1424 -772 -255 ) 
4 286 350 (1056 -4 96 ) (1056 -4 -255 ) (1056 -772 -255 ) (1056 -772 96 ) 
4 286 305 (1056 -4 128 ) (1056 -4 96 ) (1056 -772 96 ) (1056 -772 128 ) 
4 286 287 (1056 -772 128 ) (1056 -772 -255 ) (1424 -772 -255 ) (1424 -772 128 ) 
4 287 353 (1424 -792 140 ) (1056 -792 140 ) (1056 -792 -255 ) (1424 -792 -255 ) 
4 287 350 (1056 -772 -255 ) (1056 -792 -255 ) (1056 -792 96 ) (1056 -772 96 ) 
4 287 305 (1056 -772 139 ) (1056 -772 96 ) (1056 -776 96 ) (1056 -776 139 ) 
4 287 306 (1056 -792 96 ) (1056 -792 140 ) (1056 -776 140 ) (1056 -776 96 ) 
4 288 355 (47 -4 1024 ) (47 -4 1023 ) (47 -792 1023 ) (47 -792 1024 ) 
4 288 352 (1056 -792 1023 ) (1056 -792 1024 ) (47 -792 1024 ) (47 -792 1023 ) 
4 289 353 (1056 -792 376 ) (1056 -792 1023 ) (192 -792 1023 ) (192 -792 376 ) 
4 289 345 (196 -792 376 ) (192 -792 376 ) (192 -776 376 ) (196 -776 376 ) 
4 289 291 (1056 -4 376 ) (1056 -776 376 ) (196 -776 376 ) (196 -4 376 ) 
4 289 306 (1056 -776 376 ) (1056 -792 376 ) (196 -792 376 ) (196 -776 376 ) 
4 289 290 (192 -792 392 ) (192 -792 1023 ) (192 -4 1023 ) (192 -4 392 ) 
4 290 356 (47 -4 1023 ) (47 -4 392 ) (47 -792 392 ) (47 -792 1023 ) 
4 290 353 (192 -792 1023 ) (47 -792 1023 ) (47 -792 392 ) (192 -792 392 ) 
4 291 310 (196 -614 294 ) (196 -734 294 ) (196 -734 358 ) (196 -614 358 ) 
4 291 309 (196 -370 294 ) (196 -606 294 ) (196 -606 358 ) (196 -370 358 ) 
4 291 308 (196 -96 294 ) (196 -358 294 ) (196 -358 358 ) (196 -96 358 ) 
4 291 307 (196 -4 358 ) (196 -4 294 ) (196 -86 294 ) (196 -86 358 ) 
4 291 304 (1056 -706 148 ) (1056 -776 148 ) (196 -776 148 ) (196 -706 148 ) 
4 291 303 (197 -706 148 ) (196 -706 148 ) (196 -642 148 ) (197 -642 148 ) 
4 291 302 (1056 -642 148 ) (1056 -706 148 ) (1010 -706 148 ) (1010 -642 148 ) 
4 291 301 (1056 -578 148 ) (1056 -642 148 ) (196 -642 148 ) (196 -578 148 ) 
4 291 300 (197 -578 148 ) (196 -578 148 ) (196 -514 148 ) (197 -514 148 ) 
4 291 299 (1056 -514 148 ) (1056 -578 148 ) (1010 -578 148 ) (1010 -514 148 ) 
4 291 298 (1056 -258 148 ) (1056 -514 148 ) (196 -514 148 ) (196 -258 148 ) 
4 291 297 (197 -258 148 ) (196 -258 148 ) (196 -194 148 ) (197 -194 148 ) 
4 291 296 (1056 -194 148 ) (1056 -258 148 ) (1010 -258 148 ) (1010 -194 148 ) 
4 291 295 (1056 -128 148 ) (1056 -194 148 ) (196 -194 148 ) (196 -128 148 ) 
4 291 294 (197 -128 148 ) (196 -128 148 ) (196 -64 148 ) (197 -64 148 ) 
4 291 293 (1056 -64 148 ) (1056 -128 148 ) (1010 -128 148 ) (1010 -64 148 ) 
4 291 292 (1056 -4 148 ) (1056 -64 148 ) (196 -64 148 ) (196 -4 148 ) 
4 291 306 (1056 -776 148 ) (1056 -776 376 ) (196 -776 376 ) (196 -776 148 ) 
4 292 294 (196 -64 148 ) (196 -64 147 ) (197 -64 147 ) (197 -64 148 ) 
4 292 293 (1010 -64 147 ) (1056 -64 147 ) (1056 -64 148 ) (1010 -64 148 ) 
4 293 295 (1056 -128 147 ) (1056 -128 148 ) (1010 -128 148 ) (1010 -128 147 ) 
4 294 295 (197 -128 148 ) (196 -128 148 ) (196 -128 147 ) (197 -128 147 ) 
4 295 297 (196 -194 148 ) (196 -194 147 ) (197 -194 147 ) (197 -194 148 ) 
4 295 296 (1010 -194 147 ) (1056 -194 147 ) (1056 -194 148 ) (1010 -194 148 ) 
4 296 298 (1056 -258 147 ) (1056 -258 148 ) (1010 -258 148 ) (1010 -258 147 ) 
4 297 298 (196 -258 148 ) (196 -258 147 ) (197 -258 147 ) (197 -258 148 ) 
4 298 300 (197 -514 148 ) (196 -514 148 ) (196 -514 147 ) (197 -514 147 ) 
4 298 299 (1056 -514 147 ) (1056 -514 148 ) (1010 -514 148 ) (1010 -514 147 ) 
4 299 301 (1056 -578 147 ) (1056 -578 148 ) (1010 -578 148 ) (1010 -578 147 ) 
4 300 301 (197 -578 148 ) (196 -578 148 ) (196 -578 147 ) (197 -578 147 ) 
4 301 303 (196 -642 148 ) (196 -642 147 ) (197 -642 147 ) (197 -642 148 ) 
4 301 302 (1010 -642 147 ) (1056 -642 147 ) (1056 -642 148 ) (1010 -642 148 ) 
4 302 304 (1056 -706 147 ) (1056 -706 148 ) (1010 -706 148 ) (1010 -706 147 ) 
4 303 304 (197 -706 148 ) (196 -706 148 ) (196 -706 147 ) (197 -706 147 ) 
4 304 306 (1056 -776 147 ) (1056 -776 148 ) (196 -776 148 ) (196 -776 147 ) 
4 305 350 (196 -776 96 ) (196 -4 96 ) (1056 -4 96 ) (1056 -776 96 ) 
4 305 306 (196 -776 96 ) (1056 -776 96 ) (1056 -776 139 ) (196 -776 139 ) 
4 306 353 (1056 -792 96 ) (1056 -792 376 ) (196 -792 376 ) (196 -792 96 ) 
4 306 350 (1056 -792 96 ) (196 -792 96 ) (196 -776 96 ) (1056 -776 96 ) 
4 306 346 (196 -777 184 ) (196 -776 184 ) (196 -776 176 ) (196 -777 176 ) 
4 306 347 (196 -792 176 ) (196 -792 184 ) (196 -777 184 ) (196 -777 176 ) 
4 306 348 (196 -776 96 ) (196 -792 96 ) (196 -792 176 ) (196 -776 176 ) 
4 306 345 (196 -792 184 ) (196 -792 376 ) (196 -776 376 ) (196 -776 184 ) 
4 307 311 (188 -4 358 ) (188 -4 294 ) (188 -86 294 ) (188 -86 358 ) 
4 308 311 (188 -96 358 ) (188 -96 294 ) (188 -358 294 ) (188 -358 358 ) 
4 309 311 (188 -370 358 ) (188 -370 294 ) (188 -606 294 ) (188 -606 358 ) 
4 310 311 (188 -614 358 ) (188 -614 294 ) (188 -734 294 ) (188 -734 358 ) 
4 311 445 (47 -692 294 ) (47 -768 294 ) (47 -768 376 ) (47 -692 376 ) 
4 311 399 (47 -615 294 ) (47 -692 294 ) (47 -692 376 ) (47 -615 376 ) 
4 311 394 (47 -496 294 ) (47 -615 294 ) (47 -615 376 ) (47 -496 376 ) 
4 311 387 (47 -382 294 ) (47 -496 294 ) (47 -496 376 ) (47 -382 376 ) 
4 311 360 (47 -4 376 ) (47 -4 294 ) (47 -382 294 ) (47 -382 376 ) 
4 311 339 (47 -670 294 ) (47 -621 294 ) (161 -621 294 ) (161 -670 294 ) 
4 311 343 (47 -768 294 ) (47 -670 294 ) (161 -670 294 ) (161 -768 294 ) 
4 311 332 (47 -621 294 ) (47 -566 294 ) (161 -566 294 ) (161 -621 294 ) 
4 311 331 (47 -566 294 ) (47 -490 294 ) (161 -490 294 ) (161 -566 294 ) 
4 311 330 (188 -586 294 ) (188 -768 294 ) (161 -768 294 ) (161 -586 294 ) 
4 311 327 (161 -490 294 ) (188 -490 294 ) (188 -586 294 ) (161 -586 294 ) 
4 311 325 (188 -470 294 ) (188 -490 294 ) (187 -490 294 ) (187 -470 294 ) 
4 311 323 (187 -374 294 ) (188 -374 294 ) (188 -470 294 ) (187 -470 294 ) 
4 311 326 (47 -490 294 ) (47 -374 294 ) (187 -374 294 ) (187 -490 294 ) 
4 311 322 (47 -374 294 ) (47 -178 294 ) (188 -178 294 ) (188 -374 294 ) 
4 311 316 (47 -123 294 ) (47 -4 294 ) (97 -4 294 ) (97 -123 294 ) 
4 311 321 (47 -178 294 ) (47 -123 294 ) (97 -123 294 ) (97 -178 294 ) 
4 311 313 (188 -82 294 ) (188 -178 294 ) (184 -178 294 ) (184 -82 294 ) 
4 311 314 (184 -178 294 ) (97 -178 294 ) (97 -82 294 ) (184 -82 294 ) 
4 311 312 (97 -4 294 ) (188 -4 294 ) (188 -82 294 ) (97 -82 294 ) 
4 312 317 (97 -4 214 ) (97 -4 184 ) (97 -82 184 ) (97 -82 214 ) 
4 312 316 (97 -82 294 ) (97 -4 294 ) (97 -4 216 ) (97 -82 216 ) 
4 312 315 (97 -82 184 ) (188 -82 184 ) (188 -82 216 ) (97 -82 216 ) 
4 312 313 (188 -82 280 ) (188 -82 294 ) (184 -82 294 ) (184 -82 280 ) 
4 312 314 (184 -82 294 ) (97 -82 294 ) (97 -82 216 ) (184 -82 216 ) 
4 313 322 (188 -178 294 ) (184 -178 294 ) (184 -178 280 ) (188 -178 280 ) 
4 313 314 (184 -178 280 ) (184 -178 294 ) (184 -82 294 ) (184 -82 280 ) 
4 314 322 (184 -178 294 ) (97 -178 294 ) (97 -178 216 ) (184 -178 216 ) 
4 314 316 (97 -123 294 ) (97 -82 294 ) (97 -82 216 ) (97 -123 216 ) 
4 314 321 (97 -178 294 ) (97 -123 294 ) (97 -123 216 ) (97 -178 216 ) 
4 314 315 (97 -178 216 ) (97 -82 216 ) (184 -82 216 ) (184 -178 216 ) 
4 315 322 (97 -178 184 ) (188 -178 184 ) (188 -178 216 ) (97 -178 216 ) 
4 315 317 (97 -82 214 ) (97 -82 184 ) (97 -120 184 ) (97 -120 214 ) 
4 315 321 (97 -123 184 ) (97 -178 184 ) (97 -178 216 ) (97 -123 216 ) 
4 316 360 (47 -4 294 ) (47 -4 216 ) (47 -123 216 ) (47 -123 294 ) 
4 316 320 (47 -123 216 ) (47 -120 216 ) (48 -120 216 ) (48 -123 216 ) 
4 316 318 (47 -120 216 ) (47 -4 216 ) (48 -4 216 ) (48 -120 216 ) 
4 316 321 (47 -123 294 ) (47 -123 216 ) (97 -123 216 ) (97 -123 294 ) 
4 317 319 (49 -4 197 ) (49 -4 184 ) (49 -120 184 ) (49 -120 197 ) 
4 318 360 (47 -4 216 ) (47 -4 197 ) (47 -120 197 ) (47 -120 216 ) 
4 318 320 (47 -120 216 ) (47 -120 197 ) (48 -120 197 ) (48 -120 216 ) 
4 318 319 (48 -120 197 ) (47 -120 197 ) (47 -4 197 ) (48 -4 197 ) 
4 319 360 (47 -4 197 ) (47 -4 184 ) (47 -120 184 ) (47 -120 197 ) 
4 319 320 (47 -120 197 ) (47 -120 184 ) (48 -120 184 ) (48 -120 197 ) 
4 320 360 (47 -120 184 ) (47 -123 184 ) (47 -123 216 ) (47 -120 216 ) 
4 320 321 (47 -123 216 ) (47 -123 184 ) (48 -123 184 ) (48 -123 216 ) 
4 321 360 (47 -123 184 ) (47 -178 184 ) (47 -178 294 ) (47 -123 294 ) 
4 321 322 (47 -178 294 ) (47 -178 184 ) (97 -178 184 ) (97 -178 294 ) 
4 322 360 (47 -178 184 ) (47 -374 184 ) (47 -374 294 ) (47 -178 294 ) 
4 322 324 (187 -374 216 ) (187 -374 184 ) (188 -374 184 ) (188 -374 216 ) 
4 322 323 (188 -374 294 ) (187 -374 294 ) (187 -374 280 ) (188 -374 280 ) 
4 322 326 (187 -374 294 ) (47 -374 294 ) (47 -374 184 ) (187 -374 184 ) 
4 323 325 (188 -470 294 ) (187 -470 294 ) (187 -470 280 ) (188 -470 280 ) 
4 323 326 (187 -470 280 ) (187 -470 294 ) (187 -374 294 ) (187 -374 280 ) 
4 324 325 (187 -470 184 ) (188 -470 184 ) (188 -470 216 ) (187 -470 216 ) 
4 324 326 (187 -374 184 ) (187 -470 184 ) (187 -470 216 ) (187 -374 216 ) 
4 325 329 (187 -490 184 ) (188 -490 184 ) (188 -490 216 ) (187 -490 216 ) 
4 325 327 (188 -490 280 ) (188 -490 294 ) (187 -490 294 ) (187 -490 280 ) 
4 325 326 (187 -470 184 ) (187 -490 184 ) (187 -490 294 ) (187 -470 294 ) 
4 326 387 (47 -382 184 ) (47 -490 184 ) (47 -490 294 ) (47 -382 294 ) 
4 326 360 (47 -374 184 ) (47 -382 184 ) (47 -382 294 ) (47 -374 294 ) 
4 326 331 (47 -490 294 ) (47 -490 184 ) (161 -490 184 ) (161 -490 294 ) 
4 326 329 (161 -490 184 ) (187 -490 184 ) (187 -490 216 ) (161 -490 216 ) 
4 326 328 (186 -490 280 ) (161 -490 280 ) (161 -490 216 ) (186 -490 216 ) 
4 326 327 (187 -490 280 ) (187 -490 294 ) (161 -490 294 ) (161 -490 280 ) 
4 327 332 (161 -566 280 ) (161 -586 280 ) (161 -586 294 ) (161 -566 294 ) 
4 327 331 (161 -490 294 ) (161 -490 280 ) (161 -566 280 ) (161 -566 294 ) 
4 327 330 (188 -586 294 ) (161 -586 294 ) (161 -586 280 ) (188 -586 280 ) 
4 327 328 (186 -586 280 ) (161 -586 280 ) (161 -490 280 ) (186 -490 280 ) 
4 328 332 (161 -566 216 ) (161 -586 216 ) (161 -586 280 ) (161 -566 280 ) 
4 328 331 (161 -490 280 ) (161 -490 216 ) (161 -566 216 ) (161 -566 280 ) 
4 328 330 (186 -586 280 ) (161 -586 280 ) (161 -586 216 ) (186 -586 216 ) 
4 328 329 (161 -586 216 ) (161 -490 216 ) (186 -490 216 ) (186 -586 216 ) 
4 329 331 (161 -490 216 ) (161 -490 184 ) (161 -566 184 ) (161 -566 216 ) 
4 329 330 (161 -586 184 ) (188 -586 184 ) (188 -586 216 ) (161 -586 216 ) 
4 330 339 (161 -670 216 ) (161 -670 294 ) (161 -621 294 ) (161 -621 216 ) 
4 330 343 (161 -670 184 ) (161 -768 184 ) (161 -768 294 ) (161 -670 294 ) 
4 330 333 (161 -615 184 ) (161 -621 184 ) (161 -621 216 ) (161 -615 216 ) 
4 330 332 (161 -621 216 ) (161 -621 294 ) (161 -586 294 ) (161 -586 216 ) 
4 331 395 (47 -496 184 ) (47 -566 184 ) (47 -566 216 ) (47 -496 216 ) 
4 331 394 (47 -566 216 ) (47 -566 294 ) (47 -496 294 ) (47 -496 216 ) 
4 331 387 (47 -490 184 ) (47 -496 184 ) (47 -496 294 ) (47 -490 294 ) 
4 331 337 (49 -566 184 ) (55 -566 184 ) (55 -566 216 ) (49 -566 216 ) 
4 331 334 (57 -566 184 ) (159 -566 184 ) (159 -566 214 ) (57 -566 214 ) 
4 331 332 (161 -566 294 ) (47 -566 294 ) (47 -566 216 ) (161 -566 216 ) 
4 332 399 (47 -621 216 ) (47 -621 294 ) (47 -615 294 ) (47 -615 216 ) 
4 332 394 (47 -615 294 ) (47 -566 294 ) (47 -566 216 ) (47 -615 216 ) 
4 332 339 (47 -621 294 ) (47 -621 216 ) (161 -621 216 ) (161 -621 294 ) 
4 332 337 (49 -566 216 ) (55 -566 216 ) (55 -615 216 ) (49 -615 216 ) 
4 332 338 (55 -621 216 ) (47 -621 216 ) (47 -615 216 ) (55 -615 216 ) 
4 332 336 (159 -621 216 ) (55 -621 216 ) (55 -615 216 ) (159 -615 216 ) 
4 332 333 (161 -615 216 ) (161 -621 216 ) (159 -621 216 ) (159 -615 216 ) 
4 333 336 (159 -615 184 ) (159 -621 184 ) (159 -621 216 ) (159 -615 216 ) 
4 334 335 (57 -614 184 ) (159 -614 184 ) (159 -614 197 ) (57 -614 197 ) 
4 335 336 (57 -615 184 ) (159 -615 184 ) (159 -615 197 ) (57 -615 197 ) 
4 336 340 (57 -621 184 ) (159 -621 184 ) (159 -621 197 ) (57 -621 197 ) 
4 336 338 (55 -615 184 ) (55 -621 184 ) (55 -621 216 ) (55 -615 216 ) 
4 337 338 (49 -615 184 ) (55 -615 184 ) (55 -615 216 ) (49 -615 216 ) 
4 338 400 (47 -621 197 ) (47 -621 216 ) (47 -615 216 ) (47 -615 197 ) 
4 338 401 (47 -615 184 ) (47 -621 184 ) (47 -621 197 ) (47 -615 197 ) 
4 338 342 (49 -621 184 ) (55 -621 184 ) (55 -621 216 ) (49 -621 216 ) 
4 339 399 (47 -670 216 ) (47 -670 294 ) (47 -621 294 ) (47 -621 216 ) 
4 339 342 (55 -670 216 ) (49 -670 216 ) (49 -621 216 ) (55 -621 216 ) 
4 339 343 (161 -670 294 ) (47 -670 294 ) (47 -670 216 ) (161 -670 216 ) 
4 340 341 (57 -622 197 ) (57 -622 184 ) (159 -622 184 ) (159 -622 197 ) 
4 341 343 (57 -670 184 ) (159 -670 184 ) (159 -670 214 ) (57 -670 214 ) 
4 342 343 (49 -670 184 ) (55 -670 184 ) (55 -670 216 ) (49 -670 216 ) 
4 343 445 (47 -692 184 ) (47 -768 184 ) (47 -768 294 ) (47 -692 294 ) 
4 343 403 (47 -670 184 ) (47 -692 184 ) (47 -692 216 ) (47 -670 216 ) 
4 343 399 (47 -692 216 ) (47 -692 294 ) (47 -670 294 ) (47 -670 216 ) 
4 344 446 (47 -4 176 ) (47 -4 96 ) (47 -776 96 ) (47 -776 176 ) 
4 344 350 (47 -776 96 ) (47 -4 96 ) (188 -4 96 ) (188 -776 96 ) 
4 345 353 (196 -792 376 ) (188 -792 376 ) (188 -792 184 ) (196 -792 184 ) 
4 345 349 (188 -784 184 ) (188 -792 184 ) (188 -792 376 ) (188 -784 376 ) 
4 345 346 (196 -776 184 ) (196 -777 184 ) (192 -777 184 ) (192 -776 184 ) 
4 345 347 (196 -777 184 ) (196 -792 184 ) (188 -792 184 ) (188 -777 184 ) 
4 346 347 (196 -777 176 ) (196 -777 184 ) (192 -777 184 ) (192 -777 176 ) 
4 346 348 (192 -776 176 ) (196 -776 176 ) (196 -777 176 ) (192 -777 176 ) 
4 347 353 (188 -792 184 ) (188 -792 176 ) (196 -792 176 ) (196 -792 184 ) 
4 347 349 (188 -784 176 ) (188 -792 176 ) (188 -792 184 ) (188 -784 184 ) 
4 347 348 (196 -792 176 ) (188 -792 176 ) (188 -777 176 ) (196 -777 176 ) 
4 348 353 (188 -792 176 ) (188 -792 96 ) (196 -792 96 ) (196 -792 176 ) 
4 348 350 (196 -792 96 ) (188 -792 96 ) (188 -776 96 ) (196 -776 96 ) 
4 348 349 (188 -784 96 ) (188 -792 96 ) (188 -792 176 ) (188 -784 176 ) 
4 349 447 (47 -784 96 ) (47 -792 96 ) (47 -792 376 ) (47 -784 376 ) 
4 349 353 (188 -792 376 ) (47 -792 376 ) (47 -792 96 ) (188 -792 96 ) 
4 349 350 (188 -792 96 ) (47 -792 96 ) (47 -784 96 ) (188 -784 96 ) 
4 350 457 (47 -4 96 ) (47 -4 -255 ) (47 -792 -255 ) (47 -792 96 ) 
4 350 353 (1056 -792 -255 ) (1056 -792 96 ) (47 -792 96 ) (47 -792 -255 ) 
4 351 352 (1862 -792 1024 ) (1862 -792 1023 ) (1862 -2027 1023 ) (1862 -2027 1024 ) 
4 352 458 (47 -792 1024 ) (47 -792 1023 ) (47 -2048 1023 ) (47 -2048 1024 ) 
4 352 354 (1862 -2027 1023 ) (1862 -2048 1023 ) (47 -2048 1023 ) (47 -2027 1023 ) 
4 353 459 (47 -2027 1023 ) (47 -792 1023 ) (47 -792 -255 ) (47 -2027 -255 ) 
4 354 460 (47 -2048 1023 ) (47 -2027 1023 ) (47 -2027 -255 ) (47 -2048 -255 ) 
4 355 461 (-844 -792 1023 ) (-844 -792 1024 ) (-844 -4 1024 ) (-844 -4 1023 ) 
4 355 458 (47 -792 1023 ) (47 -792 1024 ) (-844 -792 1024 ) (-844 -792 1023 ) 
4 356 459 (47 -792 392 ) (47 -792 1023 ) (-256 -792 1023 ) (-256 -792 392 ) 
4 356 358 (-256 -792 392 ) (-256 -792 1023 ) (-256 -4 1023 ) (-256 -4 392 ) 
4 356 357 (-256 -320 392 ) (-256 -256 392 ) (-192 -256 392 ) (-192 -320 392 ) 
4 357 360 (-192 -320 376 ) (-256 -320 376 ) (-256 -256 376 ) (-192 -256 376 ) 
4 358 459 (-256 -792 1023 ) (-644 -792 1023 ) (-644 -792 392 ) (-256 -792 392 ) 
4 358 359 (-644 -4 1023 ) (-644 -4 392 ) (-644 -792 392 ) (-644 -792 1023 ) 
4 359 462 (-844 -792 376 ) (-844 -792 1023 ) (-844 -4 1023 ) (-844 -4 376 ) 
4 359 459 (-644 -792 1023 ) (-844 -792 1023 ) (-844 -792 376 ) (-644 -792 376 ) 
4 359 455 (-844 -784 376 ) (-844 -776 376 ) (-836 -776 376 ) (-836 -784 376 ) 
4 359 453 (-836 -4 376 ) (-696 -4 376 ) (-696 -776 376 ) (-836 -776 376 ) 
4 359 450 (-644 -224 376 ) (-644 -272 376 ) (-696 -272 376 ) (-696 -224 376 ) 
4 359 449 (-696 -4 376 ) (-644 -4 376 ) (-644 -224 376 ) (-696 -224 376 ) 
4 359 452 (-644 -272 376 ) (-644 -776 376 ) (-696 -776 376 ) (-696 -272 376 ) 
4 359 456 (-644 -792 376 ) (-844 -792 376 ) (-844 -784 376 ) (-644 -784 376 ) 
4 360 387 (47 -382 184 ) (47 -382 376 ) (-356 -382 376 ) (-356 -382 184 ) 
4 360 386 (-356 -208 184 ) (-356 -382 184 ) (-356 -382 288 ) (-356 -208 288 ) 
4 360 384 (-356 -382 288 ) (-356 -382 376 ) (-356 -208 376 ) (-356 -208 288 ) 
4 360 363 (-356 -23 225 ) (-356 -104 225 ) (-356 -104 289 ) (-356 -23 289 ) 
4 361 377 (-479 -104 289 ) (-479 -192 289 ) (-479 -192 376 ) (-479 -104 376 ) 
4 361 371 (-479 -4 376 ) (-479 -4 289 ) (-479 -104 289 ) (-479 -104 376 ) 
4 361 367 (-479 -115 289 ) (-479 -72 289 ) (-373 -72 289 ) (-373 -115 289 ) 
4 361 366 (-479 -72 289 ) (-479 -4 289 ) (-373 -4 289 ) (-373 -72 289 ) 
4 361 370 (-373 -192 289 ) (-479 -192 289 ) (-479 -115 289 ) (-373 -115 289 ) 
4 361 364 (-372 -192 289 ) (-373 -192 289 ) (-373 -104 289 ) (-372 -104 289 ) 
4 361 362 (-373 -23 289 ) (-373 -4 289 ) (-372 -4 289 ) (-372 -23 289 ) 
4 361 363 (-373 -104 289 ) (-373 -23 289 ) (-372 -23 289 ) (-372 -104 289 ) 
4 362 366 (-373 -23 289 ) (-373 -4 289 ) (-373 -4 225 ) (-373 -23 225 ) 
4 362 365 (-373 -23 225 ) (-373 -4 225 ) (-372 -4 225 ) (-372 -23 225 ) 
4 362 363 (-373 -23 225 ) (-372 -23 225 ) (-372 -23 289 ) (-373 -23 289 ) 
4 363 367 (-373 -104 289 ) (-373 -72 289 ) (-373 -72 225 ) (-373 -104 225 ) 
4 363 366 (-373 -72 289 ) (-373 -23 289 ) (-373 -23 225 ) (-373 -72 225 ) 
4 363 365 (-373 -104 225 ) (-373 -23 225 ) (-372 -23 225 ) (-372 -104 225 ) 
4 363 364 (-373 -104 289 ) (-373 -104 225 ) (-372 -104 225 ) (-372 -104 289 ) 
4 364 367 (-373 -115 289 ) (-373 -104 289 ) (-373 -104 225 ) (-373 -115 225 ) 
4 364 370 (-373 -192 225 ) (-373 -192 289 ) (-373 -115 289 ) (-373 -115 225 ) 
4 364 365 (-372 -192 225 ) (-373 -192 225 ) (-373 -104 225 ) (-372 -104 225 ) 
4 365 367 (-373 -115 216 ) (-373 -115 225 ) (-373 -72 225 ) (-373 -72 216 ) 
4 365 366 (-373 -4 184 ) (-373 -72 184 ) (-373 -72 225 ) (-373 -4 225 ) 
4 365 370 (-373 -115 184 ) (-373 -192 184 ) (-373 -192 225 ) (-373 -115 225 ) 
4 366 372 (-479 -4 216 ) (-479 -4 184 ) (-479 -72 184 ) (-479 -72 216 ) 
4 366 371 (-479 -4 289 ) (-479 -4 216 ) (-479 -72 216 ) (-479 -72 289 ) 
4 366 368 (-477 -72 184 ) (-375 -72 184 ) (-375 -72 197 ) (-477 -72 197 ) 
4 366 367 (-373 -72 289 ) (-479 -72 289 ) (-479 -72 216 ) (-373 -72 216 ) 
4 367 377 (-479 -115 216 ) (-479 -115 289 ) (-479 -104 289 ) (-479 -104 216 ) 
4 367 371 (-479 -104 289 ) (-479 -72 289 ) (-479 -72 216 ) (-479 -104 216 ) 
4 367 370 (-479 -115 289 ) (-479 -115 216 ) (-373 -115 216 ) (-373 -115 289 ) 
4 368 369 (-477 -73 184 ) (-375 -73 184 ) (-375 -73 197 ) (-477 -73 197 ) 
4 369 370 (-477 -115 184 ) (-375 -115 184 ) (-375 -115 214 ) (-477 -115 214 ) 
4 370 385 (-479 -192 288 ) (-479 -192 216 ) (-400 -192 216 ) (-400 -192 288 ) 
4 370 378 (-479 -115 184 ) (-479 -192 184 ) (-479 -192 216 ) (-479 -115 216 ) 
4 370 377 (-479 -192 216 ) (-479 -192 289 ) (-479 -115 289 ) (-479 -115 216 ) 
4 371 377 (-479 -104 216 ) (-479 -104 376 ) (-628 -104 376 ) (-628 -104 216 ) 
4 371 376 (-628 -104 216 ) (-628 -72 216 ) (-626 -72 216 ) (-626 -104 216 ) 
4 371 373 (-628 -72 216 ) (-628 -4 216 ) (-544 -4 216 ) (-544 -72 216 ) 
4 371 372 (-544 -4 216 ) (-479 -4 216 ) (-479 -104 216 ) (-544 -104 216 ) 
4 372 378 (-479 -104 184 ) (-479 -104 216 ) (-544 -104 216 ) (-544 -104 184 ) 
4 372 373 (-544 -4 216 ) (-544 -4 184 ) (-544 -72 184 ) (-544 -72 216 ) 
4 373 376 (-628 -72 184 ) (-626 -72 184 ) (-626 -72 216 ) (-628 -72 216 ) 
4 373 375 (-624 -72 184 ) (-546 -72 184 ) (-546 -72 197 ) (-624 -72 197 ) 
4 374 378 (-584 -104 197 ) (-546 -104 197 ) (-546 -104 214 ) (-584 -104 214 ) 
4 374 375 (-546 -104 197 ) (-624 -104 197 ) (-624 -73 197 ) (-546 -73 197 ) 
4 375 378 (-584 -104 184 ) (-546 -104 184 ) (-546 -104 197 ) (-584 -104 197 ) 
4 376 381 (-626 -104 216 ) (-628 -104 216 ) (-628 -104 184 ) (-626 -104 184 ) 
4 377 385 (-540 -192 216 ) (-479 -192 216 ) (-479 -192 288 ) (-540 -192 288 ) 
4 377 382 (-584 -192 216 ) (-626 -192 216 ) (-626 -191 216 ) (-584 -191 216 ) 
4 377 383 (-626 -192 216 ) (-628 -192 216 ) (-628 -189 216 ) (-626 -189 216 ) 
4 377 381 (-628 -189 216 ) (-628 -104 216 ) (-626 -104 216 ) (-626 -189 216 ) 
4 377 378 (-479 -192 216 ) (-584 -192 216 ) (-584 -104 216 ) (-479 -104 216 ) 
4 378 382 (-584 -191 184 ) (-584 -192 184 ) (-584 -192 216 ) (-584 -191 216 ) 
4 378 379 (-584 -106 184 ) (-584 -189 184 ) (-584 -189 214 ) (-584 -106 214 ) 
4 379 380 (-625 -106 184 ) (-625 -189 184 ) (-625 -189 197 ) (-625 -106 197 ) 
4 380 381 (-626 -189 184 ) (-626 -189 197 ) (-626 -106 197 ) (-626 -106 184 ) 
4 381 383 (-628 -189 184 ) (-626 -189 184 ) (-626 -189 216 ) (-628 -189 216 ) 
4 382 383 (-626 -191 184 ) (-626 -192 184 ) (-626 -192 216 ) (-626 -191 216 ) 
4 384 388 (-565 -382 376 ) (-628 -382 376 ) (-628 -382 288 ) (-565 -382 288 ) 
4 384 387 (-356 -382 376 ) (-565 -382 376 ) (-565 -382 288 ) (-356 -382 288 ) 
4 384 386 (-628 -382 288 ) (-628 -208 288 ) (-356 -208 288 ) (-356 -382 288 ) 
4 385 386 (-400 -208 288 ) (-540 -208 288 ) (-540 -208 216 ) (-400 -208 216 ) 
4 386 391 (-628 -382 216 ) (-628 -382 184 ) (-615 -382 184 ) (-615 -382 216 ) 
4 386 388 (-628 -382 288 ) (-628 -382 216 ) (-565 -382 216 ) (-565 -382 288 ) 
4 386 387 (-565 -382 184 ) (-356 -382 184 ) (-356 -382 288 ) (-565 -382 288 ) 
4 387 433 (-565 -496 184 ) (-500 -496 184 ) (-500 -496 280 ) (-565 -496 280 ) 
4 387 432 (-500 -496 280 ) (-500 -496 376 ) (-565 -496 376 ) (-565 -496 280 ) 
4 387 431 (-500 -496 184 ) (-326 -496 184 ) (-326 -496 376 ) (-500 -496 376 ) 
4 387 421 (-326 -496 184 ) (-220 -496 184 ) (-220 -496 216 ) (-326 -496 216 ) 
4 387 420 (-220 -496 216 ) (-220 -496 376 ) (-326 -496 376 ) (-326 -496 216 ) 
4 387 408 (-220 -496 184 ) (-108 -496 184 ) (-108 -496 216 ) (-220 -496 216 ) 
4 387 407 (-108 -496 216 ) (-108 -496 376 ) (-220 -496 376 ) (-220 -496 216 ) 
4 387 395 (-57 -496 184 ) (47 -496 184 ) (47 -496 216 ) (-57 -496 216 ) 
4 387 398 (-108 -496 184 ) (-57 -496 184 ) (-57 -496 216 ) (-108 -496 216 ) 
4 387 394 (47 -496 216 ) (47 -496 376 ) (-108 -496 376 ) (-108 -496 216 ) 
4 387 392 (-565 -488 184 ) (-565 -496 184 ) (-565 -496 216 ) (-565 -488 216 ) 
4 387 389 (-565 -384 184 ) (-565 -486 184 ) (-565 -486 214 ) (-565 -384 214 ) 
4 387 388 (-565 -496 216 ) (-565 -496 376 ) (-565 -382 376 ) (-565 -382 216 ) 
4 388 433 (-626 -496 216 ) (-565 -496 216 ) (-565 -496 280 ) (-626 -496 280 ) 
4 388 432 (-628 -496 376 ) (-628 -496 280 ) (-565 -496 280 ) (-565 -496 376 ) 
4 388 392 (-565 -496 216 ) (-615 -496 216 ) (-615 -488 216 ) (-565 -488 216 ) 
4 388 393 (-615 -496 216 ) (-628 -496 216 ) (-628 -486 216 ) (-615 -486 216 ) 
4 388 391 (-628 -486 216 ) (-628 -382 216 ) (-615 -382 216 ) (-615 -486 216 ) 
4 389 390 (-614 -384 197 ) (-614 -384 184 ) (-614 -486 184 ) (-614 -486 197 ) 
4 390 391 (-615 -384 184 ) (-615 -486 184 ) (-615 -486 197 ) (-615 -384 197 ) 
4 391 393 (-628 -486 216 ) (-628 -486 184 ) (-615 -486 184 ) (-615 -486 216 ) 
4 392 433 (-615 -496 184 ) (-565 -496 184 ) (-565 -496 216 ) (-615 -496 216 ) 
4 392 393 (-615 -488 184 ) (-615 -496 184 ) (-615 -496 216 ) (-615 -488 216 ) 
4 393 434 (-628 -496 216 ) (-628 -496 184 ) (-626 -496 184 ) (-626 -496 216 ) 
4 393 433 (-626 -496 184 ) (-615 -496 184 ) (-615 -496 216 ) (-626 -496 216 ) 
4 394 407 (-108 -496 376 ) (-108 -496 216 ) (-108 -615 216 ) (-108 -615 376 ) 
4 394 399 (47 -615 216 ) (47 -615 376 ) (-108 -615 376 ) (-108 -615 216 ) 
4 394 395 (-57 -496 216 ) (47 -496 216 ) (47 -566 216 ) (-57 -566 216 ) 
4 394 398 (-108 -615 216 ) (-108 -496 216 ) (-57 -496 216 ) (-57 -615 216 ) 
4 395 396 (-55 -566 184 ) (47 -566 184 ) (47 -566 214 ) (-55 -566 214 ) 
4 395 398 (-57 -496 216 ) (-57 -496 184 ) (-57 -566 184 ) (-57 -566 216 ) 
4 396 397 (-55 -614 184 ) (47 -614 184 ) (47 -614 197 ) (-55 -614 197 ) 
4 397 401 (-55 -615 184 ) (47 -615 184 ) (47 -615 197 ) (-55 -615 197 ) 
4 398 408 (-108 -496 216 ) (-108 -496 184 ) (-108 -566 184 ) (-108 -566 216 ) 
4 398 404 (-108 -615 184 ) (-57 -615 184 ) (-57 -615 216 ) (-108 -615 216 ) 
4 399 445 (47 -692 216 ) (47 -692 376 ) (-108 -692 376 ) (-108 -692 216 ) 
4 399 412 (-108 -692 216 ) (-108 -692 376 ) (-108 -615 376 ) (-108 -615 216 ) 
4 399 405 (-108 -670 216 ) (-108 -621 216 ) (-57 -621 216 ) (-57 -670 216 ) 
4 399 404 (-108 -621 216 ) (-108 -615 216 ) (-55 -615 216 ) (-55 -621 216 ) 
4 399 406 (-55 -692 216 ) (-108 -692 216 ) (-108 -670 216 ) (-55 -670 216 ) 
4 399 400 (-55 -621 216 ) (-55 -615 216 ) (47 -615 216 ) (47 -621 216 ) 
4 399 403 (47 -692 216 ) (-55 -692 216 ) (-55 -670 216 ) (47 -670 216 ) 
4 400 404 (-55 -615 216 ) (-55 -615 197 ) (-55 -621 197 ) (-55 -621 216 ) 
4 400 401 (-55 -621 197 ) (-55 -615 197 ) (47 -615 197 ) (47 -621 197 ) 
4 401 404 (-55 -615 197 ) (-55 -615 184 ) (-55 -621 184 ) (-55 -621 197 ) 
4 401 402 (-55 -622 197 ) (-55 -622 184 ) (47 -622 184 ) (47 -622 197 ) 
4 402 403 (-55 -670 184 ) (47 -670 184 ) (47 -670 214 ) (-55 -670 214 ) 
4 403 445 (47 -692 184 ) (47 -692 216 ) (-55 -692 216 ) (-55 -692 184 ) 
4 403 406 (-55 -670 184 ) (-55 -692 184 ) (-55 -692 216 ) (-55 -670 216 ) 
4 404 413 (-108 -615 184 ) (-108 -621 184 ) (-108 -621 216 ) (-108 -615 216 ) 
4 404 405 (-108 -621 216 ) (-108 -621 184 ) (-57 -621 184 ) (-57 -621 216 ) 
4 405 406 (-57 -670 216 ) (-108 -670 216 ) (-108 -670 184 ) (-57 -670 184 ) 
4 406 445 (-55 -692 216 ) (-108 -692 216 ) (-108 -692 184 ) (-55 -692 184 ) 
4 406 416 (-108 -670 184 ) (-108 -692 184 ) (-108 -692 216 ) (-108 -670 216 ) 
4 407 420 (-220 -615 216 ) (-220 -615 376 ) (-220 -496 376 ) (-220 -496 216 ) 
4 407 412 (-108 -615 216 ) (-108 -615 376 ) (-220 -615 376 ) (-220 -615 216 ) 
4 407 411 (-214 -615 216 ) (-220 -615 216 ) (-220 -566 216 ) (-214 -566 216 ) 
4 407 408 (-108 -496 216 ) (-108 -566 216 ) (-220 -566 216 ) (-220 -496 216 ) 
4 408 421 (-220 -496 184 ) (-220 -566 184 ) (-220 -566 216 ) (-220 -496 216 ) 
4 408 411 (-220 -566 216 ) (-220 -566 184 ) (-214 -566 184 ) (-214 -566 216 ) 
4 408 409 (-212 -566 184 ) (-110 -566 184 ) (-110 -566 214 ) (-212 -566 214 ) 
4 409 410 (-212 -614 197 ) (-212 -614 184 ) (-110 -614 184 ) (-110 -614 197 ) 
4 410 413 (-212 -615 184 ) (-110 -615 184 ) (-110 -615 197 ) (-212 -615 197 ) 
4 411 417 (-220 -615 184 ) (-214 -615 184 ) (-214 -615 216 ) (-220 -615 216 ) 
4 412 445 (-108 -692 376 ) (-220 -692 376 ) (-220 -692 216 ) (-108 -692 216 ) 
4 412 424 (-220 -692 216 ) (-220 -692 376 ) (-220 -615 376 ) (-220 -615 216 ) 
4 412 418 (-220 -670 216 ) (-220 -621 216 ) (-214 -621 216 ) (-214 -670 216 ) 
4 412 417 (-220 -621 216 ) (-220 -615 216 ) (-212 -615 216 ) (-212 -621 216 ) 
4 412 419 (-220 -692 216 ) (-220 -670 216 ) (-212 -670 216 ) (-212 -692 216 ) 
4 412 413 (-212 -615 216 ) (-108 -615 216 ) (-108 -621 216 ) (-212 -621 216 ) 
4 412 416 (-108 -670 216 ) (-108 -692 216 ) (-212 -692 216 ) (-212 -670 216 ) 
4 413 417 (-212 -615 216 ) (-212 -615 184 ) (-212 -621 184 ) (-212 -621 216 ) 
4 413 414 (-212 -621 184 ) (-110 -621 184 ) (-110 -621 197 ) (-212 -621 197 ) 
4 414 415 (-212 -622 197 ) (-212 -622 184 ) (-110 -622 184 ) (-110 -622 197 ) 
4 415 416 (-212 -670 184 ) (-110 -670 184 ) (-110 -670 214 ) (-212 -670 214 ) 
4 416 445 (-212 -692 184 ) (-108 -692 184 ) (-108 -692 216 ) (-212 -692 216 ) 
4 416 419 (-212 -670 184 ) (-212 -692 184 ) (-212 -692 216 ) (-212 -670 216 ) 
4 417 425 (-220 -615 184 ) (-220 -621 184 ) (-220 -621 216 ) (-220 -615 216 ) 
4 417 418 (-220 -621 216 ) (-220 -621 184 ) (-214 -621 184 ) (-214 -621 216 ) 
4 418 419 (-214 -670 216 ) (-220 -670 216 ) (-220 -670 184 ) (-214 -670 184 ) 
4 419 445 (-220 -692 216 ) (-220 -692 184 ) (-212 -692 184 ) (-212 -692 216 ) 
4 419 428 (-220 -670 184 ) (-220 -692 184 ) (-220 -692 216 ) (-220 -670 216 ) 
4 420 431 (-326 -615 216 ) (-326 -615 376 ) (-326 -496 376 ) (-326 -496 216 ) 
4 420 424 (-220 -615 216 ) (-220 -615 376 ) (-326 -615 376 ) (-326 -615 216 ) 
4 420 421 (-326 -566 216 ) (-326 -496 216 ) (-220 -496 216 ) (-220 -566 216 ) 
4 421 431 (-326 -496 184 ) (-326 -566 184 ) (-326 -566 216 ) (-326 -496 216 ) 
4 421 422 (-324 -566 184 ) (-222 -566 184 ) (-222 -566 214 ) (-324 -566 214 ) 
4 422 423 (-324 -614 197 ) (-324 -614 184 ) (-222 -614 184 ) (-222 -614 197 ) 
4 423 425 (-324 -615 184 ) (-222 -615 184 ) (-222 -615 197 ) (-324 -615 197 ) 
4 424 445 (-220 -692 376 ) (-326 -692 376 ) (-326 -692 216 ) (-220 -692 216 ) 
4 424 431 (-326 -692 216 ) (-326 -692 376 ) (-326 -615 376 ) (-326 -615 216 ) 
4 424 429 (-326 -621 216 ) (-326 -615 216 ) (-324 -615 216 ) (-324 -621 216 ) 
4 424 430 (-324 -692 216 ) (-326 -692 216 ) (-326 -670 216 ) (-324 -670 216 ) 
4 424 425 (-324 -621 216 ) (-324 -615 216 ) (-220 -615 216 ) (-220 -621 216 ) 
4 424 428 (-220 -692 216 ) (-324 -692 216 ) (-324 -670 216 ) (-220 -670 216 ) 
4 425 429 (-324 -615 216 ) (-324 -615 184 ) (-324 -621 184 ) (-324 -621 216 ) 
4 425 426 (-324 -621 184 ) (-222 -621 184 ) (-222 -621 197 ) (-324 -621 197 ) 
4 426 427 (-324 -622 197 ) (-324 -622 184 ) (-222 -622 184 ) (-222 -622 197 ) 
4 427 428 (-324 -670 184 ) (-222 -670 184 ) (-222 -670 214 ) (-324 -670 214 ) 
4 428 445 (-324 -692 184 ) (-220 -692 184 ) (-220 -692 216 ) (-324 -692 216 ) 
4 428 430 (-324 -670 184 ) (-324 -692 184 ) (-324 -692 216 ) (-324 -670 216 ) 
4 429 431 (-326 -615 184 ) (-326 -621 184 ) (-326 -621 216 ) (-326 -615 216 ) 
4 430 445 (-326 -692 216 ) (-326 -692 184 ) (-324 -692 184 ) (-324 -692 216 ) 
4 430 431 (-326 -670 184 ) (-326 -692 184 ) (-326 -692 216 ) (-326 -670 216 ) 
4 431 445 (-326 -692 376 ) (-500 -692 376 ) (-500 -692 184 ) (-326 -692 184 ) 
4 431 440 (-500 -665 184 ) (-500 -692 184 ) (-500 -692 216 ) (-500 -665 216 ) 
4 431 437 (-500 -692 216 ) (-500 -692 280 ) (-500 -622 280 ) (-500 -622 216 ) 
4 431 436 (-500 -592 184 ) (-500 -622 184 ) (-500 -622 280 ) (-500 -592 280 ) 
4 431 435 (-500 -692 280 ) (-500 -692 376 ) (-500 -592 376 ) (-500 -592 280 ) 
4 431 433 (-500 -496 280 ) (-500 -496 184 ) (-500 -592 184 ) (-500 -592 280 ) 
4 431 432 (-500 -496 376 ) (-500 -496 280 ) (-500 -592 280 ) (-500 -592 376 ) 
4 432 435 (-628 -592 376 ) (-628 -592 280 ) (-500 -592 280 ) (-500 -592 376 ) 
4 432 433 (-500 -496 280 ) (-500 -592 280 ) (-626 -592 280 ) (-626 -496 280 ) 
4 433 442 (-606 -592 216 ) (-606 -592 280 ) (-626 -592 280 ) (-626 -592 216 ) 
4 433 444 (-626 -592 184 ) (-606 -592 184 ) (-606 -592 216 ) (-626 -592 216 ) 
4 433 436 (-606 -592 184 ) (-500 -592 184 ) (-500 -592 280 ) (-606 -592 280 ) 
4 433 434 (-626 -496 216 ) (-626 -496 184 ) (-626 -592 184 ) (-626 -592 216 ) 
4 434 444 (-628 -592 216 ) (-628 -592 184 ) (-626 -592 184 ) (-626 -592 216 ) 
4 435 445 (-500 -692 376 ) (-628 -692 376 ) (-628 -692 280 ) (-500 -692 280 ) 
4 435 443 (-606 -596 280 ) (-606 -692 280 ) (-626 -692 280 ) (-626 -596 280 ) 
4 435 442 (-628 -592 280 ) (-606 -592 280 ) (-606 -596 280 ) (-628 -596 280 ) 
4 435 437 (-500 -622 280 ) (-500 -692 280 ) (-606 -692 280 ) (-606 -622 280 ) 
4 435 436 (-606 -592 280 ) (-500 -592 280 ) (-500 -622 280 ) (-606 -622 280 ) 
4 436 443 (-606 -596 216 ) (-606 -622 216 ) (-606 -622 280 ) (-606 -596 280 ) 
4 436 442 (-606 -592 280 ) (-606 -592 216 ) (-606 -596 216 ) (-606 -596 280 ) 
4 436 444 (-606 -592 216 ) (-606 -592 184 ) (-606 -622 184 ) (-606 -622 216 ) 
4 436 438 (-604 -622 184 ) (-502 -622 184 ) (-502 -622 197 ) (-604 -622 197 ) 
4 436 437 (-500 -622 216 ) (-500 -622 280 ) (-606 -622 280 ) (-606 -622 216 ) 
4 437 445 (-500 -692 216 ) (-500 -692 280 ) (-606 -692 280 ) (-606 -692 216 ) 
4 437 443 (-606 -692 216 ) (-606 -692 280 ) (-606 -622 280 ) (-606 -622 216 ) 
4 437 441 (-604 -692 216 ) (-606 -692 216 ) (-606 -665 216 ) (-604 -665 216 ) 
4 437 440 (-500 -665 216 ) (-500 -692 216 ) (-604 -692 216 ) (-604 -665 216 ) 
4 438 439 (-604 -623 184 ) (-502 -623 184 ) (-502 -623 197 ) (-604 -623 197 ) 
4 439 440 (-604 -665 184 ) (-502 -665 184 ) (-502 -665 214 ) (-604 -665 214 ) 
4 440 445 (-604 -692 184 ) (-500 -692 184 ) (-500 -692 216 ) (-604 -692 216 ) 
4 440 441 (-604 -665 184 ) (-604 -692 184 ) (-604 -692 216 ) (-604 -665 216 ) 
4 441 445 (-606 -692 184 ) (-604 -692 184 ) (-604 -692 216 ) (-606 -692 216 ) 
4 441 444 (-606 -665 184 ) (-606 -692 184 ) (-606 -692 216 ) (-606 -665 216 ) 
4 442 443 (-626 -596 216 ) (-606 -596 216 ) (-606 -596 280 ) (-626 -596 280 ) 
4 442 444 (-606 -592 216 ) (-606 -596 216 ) (-628 -596 216 ) (-628 -592 216 ) 
4 443 445 (-626 -692 216 ) (-606 -692 216 ) (-606 -692 280 ) (-626 -692 280 ) 
4 443 444 (-606 -596 216 ) (-606 -692 216 ) (-626 -692 216 ) (-626 -596 216 ) 
4 444 445 (-628 -692 216 ) (-628 -692 184 ) (-606 -692 184 ) (-606 -692 216 ) 
4 446 457 (-628 -776 96 ) (-628 -4 96 ) (47 -4 96 ) (47 -776 96 ) 
4 446 448 (-628 -4 117 ) (-628 -4 96 ) (-628 -776 96 ) (-628 -776 117 ) 
4 447 459 (47 -792 96 ) (47 -792 376 ) (-628 -792 376 ) (-628 -792 96 ) 
4 447 457 (47 -792 96 ) (-628 -792 96 ) (-628 -784 96 ) (47 -784 96 ) 
4 447 456 (-628 -784 96 ) (-628 -792 96 ) (-628 -792 376 ) (-628 -784 376 ) 
4 448 457 (-644 -4 96 ) (-628 -4 96 ) (-628 -784 96 ) (-644 -784 96 ) 
4 448 454 (-644 -4 117 ) (-644 -4 96 ) (-644 -776 96 ) (-644 -776 117 ) 
4 448 456 (-644 -784 96 ) (-628 -784 96 ) (-628 -784 117 ) (-644 -784 117 ) 
4 449 453 (-696 -224 376 ) (-696 -4 376 ) (-696 -4 184 ) (-696 -224 184 ) 
4 449 451 (-648 -224 184 ) (-644 -224 184 ) (-644 -224 236 ) (-648 -224 236 ) 
4 449 450 (-696 -224 376 ) (-696 -224 236 ) (-644 -224 236 ) (-644 -224 376 ) 
4 450 453 (-696 -272 376 ) (-696 -224 376 ) (-696 -224 236 ) (-696 -272 236 ) 
4 450 451 (-644 -224 236 ) (-644 -272 236 ) (-648 -272 236 ) (-648 -224 236 ) 
4 450 452 (-644 -272 236 ) (-644 -272 376 ) (-696 -272 376 ) (-696 -272 236 ) 
4 451 452 (-648 -272 184 ) (-644 -272 184 ) (-644 -272 236 ) (-648 -272 236 ) 
4 452 453 (-696 -776 184 ) (-696 -776 376 ) (-696 -272 376 ) (-696 -272 184 ) 
4 454 462 (-844 -4 176 ) (-844 -4 96 ) (-844 -776 96 ) (-844 -776 176 ) 
4 454 457 (-844 -776 96 ) (-844 -4 96 ) (-644 -4 96 ) (-644 -776 96 ) 
4 454 455 (-844 -776 96 ) (-836 -776 96 ) (-836 -776 176 ) (-844 -776 176 ) 
4 455 462 (-844 -784 376 ) (-844 -776 376 ) (-844 -776 96 ) (-844 -784 96 ) 
4 455 457 (-844 -784 96 ) (-844 -776 96 ) (-836 -776 96 ) (-836 -784 96 ) 
4 455 456 (-844 -784 96 ) (-836 -784 96 ) (-836 -784 376 ) (-844 -784 376 ) 
4 456 462 (-844 -792 96 ) (-844 -792 376 ) (-844 -784 376 ) (-844 -784 96 ) 
4 456 459 (-628 -792 376 ) (-844 -792 376 ) (-844 -792 96 ) (-628 -792 96 ) 
4 456 457 (-628 -792 96 ) (-844 -792 96 ) (-844 -784 96 ) (-628 -784 96 ) 
4 457 462 (-844 -792 -255 ) (-844 -792 96 ) (-844 -4 96 ) (-844 -4 -255 ) 
4 457 459 (47 -792 -255 ) (47 -792 96 ) (-844 -792 96 ) (-844 -792 -255 ) 
4 458 464 (-844 -2027 1023 ) (-844 -2048 1023 ) (-844 -2048 1024 ) (-844 -2027 1024 ) 
4 458 461 (-844 -792 1024 ) (-844 -792 1023 ) (-844 -2027 1023 ) (-844 -2027 1024 ) 
4 458 460 (-844 -2048 1023 ) (-844 -2027 1023 ) (47 -2027 1023 ) (47 -2048 1023 ) 
4 459 462 (-844 -2027 1023 ) (-844 -792 1023 ) (-844 -792 -255 ) (-844 -2027 -255 ) 
4 460 464 (-844 -2048 1023 ) (-844 -2027 1023 ) (-844 -2027 -255 ) (-844 -2048 -255 ) 
4 461 464 (-844 -2027 1023 ) (-844 -2027 1024 ) (-1862 -2027 1024 ) (-1862 -2027 1023 ) 
4 461 463 (-1862 -2027 1023 ) (-1862 -2027 1024 ) (-1862 -4 1024 ) (-1862 -4 1023 ) 
4 463 464 (-2048 -2027 -255 ) (-1862 -2027 -255 ) (-1862 -2027 1024 ) (-2048 -2027 1024 ) 
